#
# A fatal error has been detected by the Java Runtime Environment:
#
#  EXCEPTION_ACCESS_VIOLATION (0xc0000005) at pc=0x00007fff09527700, pid=2628, tid=5152
#
# JRE version: OpenJDK Runtime Environment (11.0.2+9) (build 11.0.2+9)
# Java VM: OpenJDK 64-Bit Server VM (11.0.2+9, mixed mode, tiered, compressed oops, g1 gc, windows-amd64)
# Problematic frame:
# C  0x00007fff09527700
[error occurred during error reporting (printing problematic frame), id 0xc0000005, EXCEPTION_ACCESS_VIOLATION (0xc0000005) at pc=0x00007fff09527cb0]

# No core dump will be written. Minidumps are not enabled by default on client versions of Windows
#
# If you would like to submit a bug report, please visit:
#   http://bugreport.java.com/bugreport/crash.jsp
#

---------------  S U M M A R Y ------------

Command Line: -Djavafx.embed.singleThread=true 

Host: Intel(R) Core(TM) i3-5015U CPU @ 2.10GHz, 4 cores, 3G,  Windows 10 , 64 bit Build 10586 (10.0.10586.589)
Time: Wed Jul 22 00:17:02 2020 India Standard Time elapsed time: 0 seconds (0d 0h 0m 0s)

---------------  T H R E A D  ---------------

Current thread (0x0000000021e89000):  JavaThread "JavaFX Application Thread" [_thread_in_vm, id=5152, stack(0x0000000022e60000,0x0000000023060000)]

Stack: [0x0000000022e60000,0x0000000023060000],  sp=0x00000000230590d8,  free space=2020k
Native frames: (J=compiled Java code, j=interpreted, Vv=VM code, C=native code)
C  0x00007fff09527700
[error occurred during error reporting (printing native stack), id 0xc0000005, EXCEPTION_ACCESS_VIOLATION (0xc0000005) at pc=0x00007fff09527cb0]

Java frames: (J=compiled Java code, j=interpreted, Vv=VM code)
j  java.util.zip.Inflater.reset(J)V+0 java.base@11.0.2
j  java.util.zip.Inflater.reset()V+18 java.base@11.0.2
j  java.util.zip.ZipFile$CleanableResource.releaseInflater(Ljava/util/zip/Inflater;)V+22 java.base@11.0.2
j  java.util.zip.ZipFile$InflaterCleanupAction.run()V+8 java.base@11.0.2
j  jdk.internal.ref.CleanerImpl$PhantomCleanableRef.performCleanup()V+4 java.base@11.0.2
J 805 c1 jdk.internal.ref.PhantomCleanable.clean()V java.base@11.0.2 (16 bytes) @ 0x000000000b247e8c [0x000000000b247ce0+0x00000000000001ac]
j  java.util.zip.ZipFile$ZipFileInflaterInputStream.close()V+61 java.base@11.0.2
j  jdk.internal.loader.Resource.getBytes()[B+181 java.base@11.0.2
J 798 c1 jdk.internal.loader.BuiltinClassLoader.defineClass(Ljava/lang/String;Ljdk/internal/loader/Resource;)Ljava/lang/Class; java.base@11.0.2 (121 bytes) @ 0x000000000b23ef34 [0x000000000b23e0c0+0x0000000000000e74]
J 676 c1 jdk.internal.loader.BuiltinClassLoader.findClassOnClassPathOrNull(Ljava/lang/String;)Ljava/lang/Class; java.base@11.0.2 (64 bytes) @ 0x000000000b1f2fac [0x000000000b1f2dc0+0x00000000000001ec]
J 530 c1 jdk.internal.loader.BuiltinClassLoader.loadClassOrNull(Ljava/lang/String;Z)Ljava/lang/Class; java.base@11.0.2 (143 bytes) @ 0x000000000b1ae91c [0x000000000b1ad800+0x000000000000111c]
J 631 c1 jdk.internal.loader.ClassLoaders$AppClassLoader.loadClass(Ljava/lang/String;Z)Ljava/lang/Class; java.base@11.0.2 (40 bytes) @ 0x000000000b1d7124 [0x000000000b1d6b80+0x00000000000005a4]
J 630 c1 java.lang.ClassLoader.loadClass(Ljava/lang/String;)Ljava/lang/Class; java.base@11.0.2 (7 bytes) @ 0x000000000b1d673c [0x000000000b1d6640+0x00000000000000fc]
v  ~StubRoutines::call_stub
j  bluej.Boot.lambda$new$0(Lbluej/Boot$FXPlatformSupplier;Ljava/util/concurrent/CompletableFuture;)V+1
j  bluej.Boot$$Lambda$81.run()V+12
j  com.sun.javafx.application.PlatformImpl.lambda$runLater$10(Ljava/lang/Runnable;)Ljava/lang/Void;+1
j  com.sun.javafx.application.PlatformImpl$$Lambda$75.run()Ljava/lang/Object;+4
v  ~StubRoutines::call_stub
j  java.security.AccessController.doPrivileged(Ljava/security/PrivilegedAction;Ljava/security/AccessControlContext;)Ljava/lang/Object;+0 java.base@11.0.2
j  com.sun.javafx.application.PlatformImpl.lambda$runLater$11(Ljava/lang/Runnable;Ljava/security/AccessControlContext;)V+7
j  com.sun.javafx.application.PlatformImpl$$Lambda$74.run()V+8
j  com.sun.glass.ui.InvokeLaterDispatcher$Future.run()V+4
v  ~StubRoutines::call_stub
j  com.sun.glass.ui.win.WinApplication._runLoop(Ljava/lang/Runnable;)V+0
j  com.sun.glass.ui.win.WinApplication.lambda$runLoop$3(ILjava/lang/Runnable;)V+8
j  com.sun.glass.ui.win.WinApplication$$Lambda$48.run()V+12
j  java.lang.Thread.run()V+11 java.base@11.0.2
v  ~StubRoutines::call_stub

siginfo: EXCEPTION_ACCESS_VIOLATION (0xc0000005), data execution prevention violation at address 0x00007fff09527700


Register to memory mapping:

RIP=0x00007fff09527700 is an unknown value
RAX=0x00007fff09527700 is an unknown value
RBX=0x00000000000040ff is an unknown value
RCX=0xffffffffffffffff is an unknown value
RDX=0x00000000000cf980 points into unknown readable memory: 2e 3b 43 3a 5c 50 72 6f
RSP=0x00000000230590d8 is pointing into the stack for thread: 0x0000000021e89000
RBP=0x00000000230592b0 is pointing into the stack for thread: 0x0000000021e89000
RSI=0xffffffffffffffff is an unknown value
RDI=0x00000000000cf980 points into unknown readable memory: 2e 3b 43 3a 5c 50 72 6f
R8 =0x00000000000040ff is an unknown value
R9 =0x0 is NULL
R10=0x0 is NULL
R11=0x0000000000000064 is an unknown value
R12=0x0000000022346720 points into unknown readable memory: 4a 61 76 61 43 72 69 74
R13=0x0 is NULL
R14=0x0000000023059510 is pointing into the stack for thread: 0x0000000021e89000
R15=0x0000000000000002 is an unknown value


Registers:
RAX=0x00007fff09527700, RBX=0x00000000000040ff, RCX=0xffffffffffffffff, RDX=0x00000000000cf980
RSP=0x00000000230590d8, RBP=0x00000000230592b0, RSI=0xffffffffffffffff, RDI=0x00000000000cf980
R8 =0x00000000000040ff, R9 =0x0000000000000000, R10=0x0000000000000000, R11=0x0000000000000064
R12=0x0000000022346720, R13=0x0000000000000000, R14=0x0000000023059510, R15=0x0000000000000002
RIP=0x00007fff09527700, EFLAGS=0x0000000000010206

Top of Stack: (sp=0x00000000230590d8)
0x00000000230590d8:   00007ffeebde266a 0000000000000002
0x00000000230590e8:   0000000000000000 00000000230592b0
0x00000000230590f8:   00007fff311bc997 ffffffffffffffff
0x0000000023059108:   00007ffeebd44c37 00007fff25ff0000
0x0000000023059118:   0000000000000020 00007fff25ff0000
0x0000000023059128:   00007fff2da7faff 0000000000000000
0x0000000023059138:   0000000000000020 d32e0b9fdc2a55f6
0x0000000023059148:   00007fff25ff0000 0000000000000000
0x0000000023059158:   00000000223457d0 0000000000000000
0x0000000023059168:   00007ffeebd44bd5 0000000023059510
0x0000000023059178:   ffffffffffffffff 0000000000000002
0x0000000023059188:   0000000023059510 0000000023059290
0x0000000023059198:   00007ffeebc6e4ba 00007fff25ff0000
0x00000000230591a8:   0000000000000020 56c724ce4bcbe1a8
0x00000000230591b8:   a55391904bf00a28 0000000023059220
0x00000000230591c8:   0000000023059489 00007fff25ff1c0c 

Instructions: (pc=0x00007fff09527700)
0x00007fff095276e0:   
[error occurred during error reporting (printing registers, top of stack, instructions near pc), id 0xc0000005, EXCEPTION_ACCESS_VIOLATION (0xc0000005) at pc=0x00007ffeebc68033]

Stack slot to memory mapping:
stack at sp + 0 slots: 0x00007ffeebde266a jvm.dll
[error occurred during error reporting (inspecting top of stack), id 0xc0000005, EXCEPTION_ACCESS_VIOLATION (0xc0000005) at pc=0x00007fff09527cb0]


---------------  P R O C E S S  ---------------

Threads class SMR info:
_java_thread_list=0x0000000021edf3f0, length=20, elements={
0x0000000002241000, 0x000000001f6c7000, 0x000000001f6d0800, 0x000000001f6da800,
0x000000001f6db800, 0x000000001f6dd000, 0x000000001f6e8000, 0x000000001f6f1800,
0x000000002077e000, 0x0000000020785800, 0x0000000021c8b800, 0x0000000021d04000,
0x0000000021ed7800, 0x0000000021e89000, 0x0000000021d60000, 0x000000002343e000,
0x0000000021eb0800, 0x000000002332d000, 0x0000000021d89000, 0x0000000021d90000
}

Java Threads: ( => current thread )
  0x0000000002241000 JavaThread "main" [_thread_blocked, id=5284, stack(0x00000000004e0000,0x00000000006e0000)]
  0x000000001f6c7000 JavaThread "Reference Handler" daemon [_thread_blocked, id=7380, stack(0x0000000020120000,0x0000000020320000)]
  0x000000001f6d0800 JavaThread "Finalizer" daemon [_thread_blocked, id=12048, stack(0x0000000020320000,0x0000000020520000)]
  0x000000001f6da800 JavaThread "Signal Dispatcher" daemon [_thread_blocked, id=4088, stack(0x0000000020a00000,0x0000000020c00000)]
  0x000000001f6db800 JavaThread "Attach Listener" daemon [_thread_blocked, id=11744, stack(0x0000000020c00000,0x0000000020e00000)]
  0x000000001f6dd000 JavaThread "C2 CompilerThread0" daemon [_thread_blocked, id=2512, stack(0x0000000020e00000,0x0000000021000000)]
  0x000000001f6e8000 JavaThread "C1 CompilerThread0" daemon [_thread_blocked, id=7064, stack(0x0000000021000000,0x0000000021200000)]
  0x000000001f6f1800 JavaThread "Sweeper thread" daemon [_thread_blocked, id=10188, stack(0x0000000021200000,0x0000000021400000)]
  0x000000002077e000 JavaThread "Service Thread" daemon [_thread_blocked, id=13828, stack(0x0000000021400000,0x0000000021600000)]
  0x0000000020785800 JavaThread "Common-Cleaner" daemon [_thread_blocked, id=11936, stack(0x0000000021800000,0x0000000021a00000)]
  0x0000000021c8b800 JavaThread "JavaFX-Launcher" [_thread_blocked, id=12244, stack(0x0000000022400000,0x0000000022600000)]
  0x0000000021d04000 JavaThread "QuantumRenderer-0" daemon [_thread_blocked, id=6412, stack(0x0000000022820000,0x0000000022a20000)]
  0x0000000021ed7800 JavaThread "InvokeLaterDispatcher" daemon [_thread_blocked, id=12208, stack(0x0000000022c60000,0x0000000022e60000)]
=>0x0000000021e89000 JavaThread "JavaFX Application Thread" [_thread_in_vm, id=5152, stack(0x0000000022e60000,0x0000000023060000)]
  0x0000000021d60000 JavaThread "Thread-2" daemon [_thread_in_native, id=11040, stack(0x0000000028a70000,0x0000000028c70000)]
  0x000000002343e000 JavaThread "C2 CompilerThread1" daemon [_thread_blocked, id=6296, stack(0x0000000028d50000,0x0000000028f50000)]
  0x0000000021eb0800 JavaThread "Java2D Disposer" daemon [_thread_blocked, id=14232, stack(0x0000000029150000,0x0000000029350000)]
  0x000000002332d000 JavaThread "AWT-Shutdown" [_thread_blocked, id=7960, stack(0x0000000029350000,0x0000000029550000)]
  0x0000000021d89000 JavaThread "AWT-Windows" daemon [_thread_in_native, id=4800, stack(0x0000000029550000,0x0000000029750000)]
  0x0000000021d90000 JavaThread "Thread-3" [_thread_blocked, id=1008, stack(0x0000000029a50000,0x0000000029c50000)]

Other Threads:
  0x000000001f69d800 VMThread "VM Thread" [stack: 0x000000001ff20000,0x0000000020120000] [id=11228]
  0x000000002077f000 WatcherThread [stack: 0x0000000021600000,0x0000000021800000] [id=12592]
  0x0000000002259000 GCTaskThread "GC Thread#0" [stack: 0x0000000019d30000,0x0000000019f30000] [id=13004]
  0x0000000021f56800 GCTaskThread "GC Thread#1" [stack: 0x0000000029c50000,0x0000000029e50000] [id=8028]
  0x0000000021f53800 GCTaskThread "GC Thread#2" [stack: 0x0000000029e50000,0x000000002a050000] [id=3276]
  0x0000000021f56000 GCTaskThread "GC Thread#3" [stack: 0x000000002a050000,0x000000002a250000] [id=5724]
  0x0000000002273800 ConcurrentGCThread "G1 Main Marker" [stack: 0x000000001c8d0000,0x000000001cad0000] [id=10160]
  0x0000000002279000 ConcurrentGCThread "G1 Conc#0" [stack: 0x000000001cad0000,0x000000001ccd0000] [id=3064]
  0x000000000230d800 ConcurrentGCThread "G1 Refine#0" [stack: 0x000000001f120000,0x000000001f320000] [id=652]
  0x000000000230e800 ConcurrentGCThread "G1 Young RemSet Sampling" [stack: 0x000000001f320000,0x000000001f520000] [id=4092]

Threads with active compile tasks:

VM state:not at safepoint (normal execution)

VM Mutex/Monitor currently owned by a thread:  ([mutex/lock_event])
[0x000000000223dee0] AdapterHandlerLibrary_lock - owner thread: 0x0000000021e89000

Heap address: 0x00000000c1600000, size: 1002 MB, Compressed Oops mode: 32-bit
Narrow klass base: 0x0000000000000000, Narrow klass shift: 3
Compressed class space size: 1073741824 Address: 0x0000000100000000

Heap:
 garbage-first heap   total 65536K, used 3876K [0x00000000c1600000, 0x0000000100000000)
  region size 1024K, 4 young (4096K), 2 survivors (2048K)
 Metaspace       used 12477K, capacity 12819K, committed 13056K, reserved 1060864K
  class space    used 1281K, capacity 1412K, committed 1536K, reserved 1048576K
Heap Regions: E=young(eden), S=young(survivor), O=old, HS=humongous(starts), HC=humongous(continues), CS=collection set, F=free, A=archive, TAMS=top-at-mark-start (previous, next)
|   0|0x00000000c1600000, 0x00000000c16c9200, 0x00000000c1700000| 78%| O|  |TAMS 0x00000000c1600000, 0x00000000c1600000| Untracked 
|   1|0x00000000c1700000, 0x00000000c1700000, 0x00000000c1800000|  0%| F|  |TAMS 0x00000000c1700000, 0x00000000c1700000| Untracked 
|   2|0x00000000c1800000, 0x00000000c1800000, 0x00000000c1900000|  0%| F|  |TAMS 0x00000000c1800000, 0x00000000c1800000| Untracked 
|   3|0x00000000c1900000, 0x00000000c1900000, 0x00000000c1a00000|  0%| F|  |TAMS 0x00000000c1900000, 0x00000000c1900000| Untracked 
|   4|0x00000000c1a00000, 0x00000000c1a00000, 0x00000000c1b00000|  0%| F|  |TAMS 0x00000000c1a00000, 0x00000000c1a00000| Untracked 
|   5|0x00000000c1b00000, 0x00000000c1b00000, 0x00000000c1c00000|  0%| F|  |TAMS 0x00000000c1b00000, 0x00000000c1b00000| Untracked 
|   6|0x00000000c1c00000, 0x00000000c1c00000, 0x00000000c1d00000|  0%| F|  |TAMS 0x00000000c1c00000, 0x00000000c1c00000| Untracked 
|   7|0x00000000c1d00000, 0x00000000c1d00000, 0x00000000c1e00000|  0%| F|  |TAMS 0x00000000c1d00000, 0x00000000c1d00000| Untracked 
|   8|0x00000000c1e00000, 0x00000000c1e00000, 0x00000000c1f00000|  0%| F|  |TAMS 0x00000000c1e00000, 0x00000000c1e00000| Untracked 
|   9|0x00000000c1f00000, 0x00000000c1f00000, 0x00000000c2000000|  0%| F|  |TAMS 0x00000000c1f00000, 0x00000000c1f00000| Untracked 
|  10|0x00000000c2000000, 0x00000000c2000000, 0x00000000c2100000|  0%| F|  |TAMS 0x00000000c2000000, 0x00000000c2000000| Untracked 
|  11|0x00000000c2100000, 0x00000000c2100000, 0x00000000c2200000|  0%| F|  |TAMS 0x00000000c2100000, 0x00000000c2100000| Untracked 
|  12|0x00000000c2200000, 0x00000000c2200000, 0x00000000c2300000|  0%| F|  |TAMS 0x00000000c2200000, 0x00000000c2200000| Untracked 
|  13|0x00000000c2300000, 0x00000000c2300000, 0x00000000c2400000|  0%| F|  |TAMS 0x00000000c2300000, 0x00000000c2300000| Untracked 
|  14|0x00000000c2400000, 0x00000000c2400000, 0x00000000c2500000|  0%| F|  |TAMS 0x00000000c2400000, 0x00000000c2400000| Untracked 
|  15|0x00000000c2500000, 0x00000000c2500000, 0x00000000c2600000|  0%| F|  |TAMS 0x00000000c2500000, 0x00000000c2500000| Untracked 
|  16|0x00000000c2600000, 0x00000000c2600000, 0x00000000c2700000|  0%| F|  |TAMS 0x00000000c2600000, 0x00000000c2600000| Untracked 
|  17|0x00000000c2700000, 0x00000000c2700000, 0x00000000c2800000|  0%| F|  |TAMS 0x00000000c2700000, 0x00000000c2700000| Untracked 
|  18|0x00000000c2800000, 0x00000000c2800000, 0x00000000c2900000|  0%| F|  |TAMS 0x00000000c2800000, 0x00000000c2800000| Untracked 
|  19|0x00000000c2900000, 0x00000000c2900000, 0x00000000c2a00000|  0%| F|  |TAMS 0x00000000c2900000, 0x00000000c2900000| Untracked 
|  20|0x00000000c2a00000, 0x00000000c2a00000, 0x00000000c2b00000|  0%| F|  |TAMS 0x00000000c2a00000, 0x00000000c2a00000| Untracked 
|  21|0x00000000c2b00000, 0x00000000c2b00000, 0x00000000c2c00000|  0%| F|  |TAMS 0x00000000c2b00000, 0x00000000c2b00000| Untracked 
|  22|0x00000000c2c00000, 0x00000000c2c00000, 0x00000000c2d00000|  0%| F|  |TAMS 0x00000000c2c00000, 0x00000000c2c00000| Untracked 
|  23|0x00000000c2d00000, 0x00000000c2d00000, 0x00000000c2e00000|  0%| F|  |TAMS 0x00000000c2d00000, 0x00000000c2d00000| Untracked 
|  24|0x00000000c2e00000, 0x00000000c2e00000, 0x00000000c2f00000|  0%| F|  |TAMS 0x00000000c2e00000, 0x00000000c2e00000| Untracked 
|  25|0x00000000c2f00000, 0x00000000c2f00000, 0x00000000c3000000|  0%| F|  |TAMS 0x00000000c2f00000, 0x00000000c2f00000| Untracked 
|  26|0x00000000c3000000, 0x00000000c3000000, 0x00000000c3100000|  0%| F|  |TAMS 0x00000000c3000000, 0x00000000c3000000| Untracked 
|  27|0x00000000c3100000, 0x00000000c3100000, 0x00000000c3200000|  0%| F|  |TAMS 0x00000000c3100000, 0x00000000c3100000| Untracked 
|  28|0x00000000c3200000, 0x00000000c3200000, 0x00000000c3300000|  0%| F|  |TAMS 0x00000000c3200000, 0x00000000c3200000| Untracked 
|  29|0x00000000c3300000, 0x00000000c3300000, 0x00000000c3400000|  0%| F|  |TAMS 0x00000000c3300000, 0x00000000c3300000| Untracked 
|  30|0x00000000c3400000, 0x00000000c3400000, 0x00000000c3500000|  0%| F|  |TAMS 0x00000000c3400000, 0x00000000c3400000| Untracked 
|  31|0x00000000c3500000, 0x00000000c3500000, 0x00000000c3600000|  0%| F|  |TAMS 0x00000000c3500000, 0x00000000c3500000| Untracked 
|  32|0x00000000c3600000, 0x00000000c3600000, 0x00000000c3700000|  0%| F|  |TAMS 0x00000000c3600000, 0x00000000c3600000| Untracked 
|  33|0x00000000c3700000, 0x00000000c3700000, 0x00000000c3800000|  0%| F|  |TAMS 0x00000000c3700000, 0x00000000c3700000| Untracked 
|  34|0x00000000c3800000, 0x00000000c3800000, 0x00000000c3900000|  0%| F|  |TAMS 0x00000000c3800000, 0x00000000c3800000| Untracked 
|  35|0x00000000c3900000, 0x00000000c3900000, 0x00000000c3a00000|  0%| F|  |TAMS 0x00000000c3900000, 0x00000000c3900000| Untracked 
|  36|0x00000000c3a00000, 0x00000000c3a00000, 0x00000000c3b00000|  0%| F|  |TAMS 0x00000000c3a00000, 0x00000000c3a00000| Untracked 
|  37|0x00000000c3b00000, 0x00000000c3b00000, 0x00000000c3c00000|  0%| F|  |TAMS 0x00000000c3b00000, 0x00000000c3b00000| Untracked 
|  38|0x00000000c3c00000, 0x00000000c3c00000, 0x00000000c3d00000|  0%| F|  |TAMS 0x00000000c3c00000, 0x00000000c3c00000| Untracked 
|  39|0x00000000c3d00000, 0x00000000c3d00000, 0x00000000c3e00000|  0%| F|  |TAMS 0x00000000c3d00000, 0x00000000c3d00000| Untracked 
|  40|0x00000000c3e00000, 0x00000000c3e00000, 0x00000000c3f00000|  0%| F|  |TAMS 0x00000000c3e00000, 0x00000000c3e00000| Untracked 
|  41|0x00000000c3f00000, 0x00000000c3f00000, 0x00000000c4000000|  0%| F|  |TAMS 0x00000000c3f00000, 0x00000000c3f00000| Untracked 
|  42|0x00000000c4000000, 0x00000000c4000000, 0x00000000c4100000|  0%| F|  |TAMS 0x00000000c4000000, 0x00000000c4000000| Untracked 
|  43|0x00000000c4100000, 0x00000000c4100000, 0x00000000c4200000|  0%| F|  |TAMS 0x00000000c4100000, 0x00000000c4100000| Untracked 
|  44|0x00000000c4200000, 0x00000000c4200000, 0x00000000c4300000|  0%| F|  |TAMS 0x00000000c4200000, 0x00000000c4200000| Untracked 
|  45|0x00000000c4300000, 0x00000000c4300000, 0x00000000c4400000|  0%| F|  |TAMS 0x00000000c4300000, 0x00000000c4300000| Untracked 
|  46|0x00000000c4400000, 0x00000000c4400000, 0x00000000c4500000|  0%| F|  |TAMS 0x00000000c4400000, 0x00000000c4400000| Untracked 
|  47|0x00000000c4500000, 0x00000000c4500000, 0x00000000c4600000|  0%| F|  |TAMS 0x00000000c4500000, 0x00000000c4500000| Untracked 
|  48|0x00000000c4600000, 0x00000000c4700000, 0x00000000c4700000|100%| S|CS|TAMS 0x00000000c4600000, 0x00000000c4600000| Complete 
|  49|0x00000000c4700000, 0x00000000c4800000, 0x00000000c4800000|100%| S|CS|TAMS 0x00000000c4700000, 0x00000000c4700000| Complete 
|  50|0x00000000c4800000, 0x00000000c4800000, 0x00000000c4900000|  0%| F|  |TAMS 0x00000000c4800000, 0x00000000c4800000| Untracked 
|  51|0x00000000c4900000, 0x00000000c4900000, 0x00000000c4a00000|  0%| F|  |TAMS 0x00000000c4900000, 0x00000000c4900000| Untracked 
|  52|0x00000000c4a00000, 0x00000000c4a00000, 0x00000000c4b00000|  0%| F|  |TAMS 0x00000000c4a00000, 0x00000000c4a00000| Untracked 
|  53|0x00000000c4b00000, 0x00000000c4b00000, 0x00000000c4c00000|  0%| F|  |TAMS 0x00000000c4b00000, 0x00000000c4b00000| Untracked 
|  54|0x00000000c4c00000, 0x00000000c4c00000, 0x00000000c4d00000|  0%| F|  |TAMS 0x00000000c4c00000, 0x00000000c4c00000| Untracked 
|  55|0x00000000c4d00000, 0x00000000c4d00000, 0x00000000c4e00000|  0%| F|  |TAMS 0x00000000c4d00000, 0x00000000c4d00000| Untracked 
|  56|0x00000000c4e00000, 0x00000000c4e00000, 0x00000000c4f00000|  0%| F|  |TAMS 0x00000000c4e00000, 0x00000000c4e00000| Untracked 
|  57|0x00000000c4f00000, 0x00000000c4f00000, 0x00000000c5000000|  0%| F|  |TAMS 0x00000000c4f00000, 0x00000000c4f00000| Untracked 
|  58|0x00000000c5000000, 0x00000000c5000000, 0x00000000c5100000|  0%| F|  |TAMS 0x00000000c5000000, 0x00000000c5000000| Untracked 
|  59|0x00000000c5100000, 0x00000000c5100000, 0x00000000c5200000|  0%| F|  |TAMS 0x00000000c5100000, 0x00000000c5100000| Untracked 
|  60|0x00000000c5200000, 0x00000000c5200000, 0x00000000c5300000|  0%| F|  |TAMS 0x00000000c5200000, 0x00000000c5200000| Untracked 
|  61|0x00000000c5300000, 0x00000000c5300000, 0x00000000c5400000|  0%| F|  |TAMS 0x00000000c5300000, 0x00000000c5300000| Untracked 
|  62|0x00000000c5400000, 0x00000000c5467f80, 0x00000000c5500000| 40%| E|  |TAMS 0x00000000c5400000, 0x00000000c5400000| Complete 
|  63|0x00000000c5500000, 0x00000000c5600000, 0x00000000c5600000|100%| E|CS|TAMS 0x00000000c5500000, 0x00000000c5500000| Complete 

Card table byte_map: [0x000000001a570000,0x000000001a770000] _byte_map_base: 0x0000000019f65000

Marking Bits (Prev, Next): (CMBitMap*) 0x000000000226eff8, (CMBitMap*) 0x000000000226f030
 Prev Bits: [0x000000001a970000, 0x000000001b918000)
 Next Bits: [0x000000001b920000, 0x000000001c8c8000)

Polling page: 0x00000000021f0000

Metaspace:

Usage:
  Non-class:     11.14 MB capacity,    10.93 MB ( 98%) used,   175.36 KB (  2%) free+waste,    34.75 KB ( <1%) overhead. 
      Class:      1.38 MB capacity,     1.25 MB ( 91%) used,   113.68 KB (  8%) free+waste,    17.31 KB (  1%) overhead. 
       Both:     12.52 MB capacity,    12.19 MB ( 97%) used,   289.04 KB (  2%) free+waste,    52.06 KB ( <1%) overhead. 

Virtual space:
  Non-class space:       12.00 MB reserved,      11.25 MB ( 94%) committed 
      Class space:        1.00 GB reserved,       1.50 MB ( <1%) committed 
             Both:        1.01 GB reserved,      12.75 MB (  1%) committed 

Chunk freelists:
   Non-Class:  6.13 KB
       Class:  0 bytes
        Both:  6.13 KB

CodeHeap 'non-profiled nmethods': size=120064Kb used=272Kb max_used=272Kb free=119791Kb
 bounds [0x0000000012610000, 0x0000000012880000, 0x0000000019b50000]
CodeHeap 'profiled nmethods': size=120000Kb used=1475Kb max_used=1475Kb free=118524Kb
 bounds [0x000000000b0e0000, 0x000000000b350000, 0x0000000012610000]
CodeHeap 'non-nmethods': size=5696Kb used=1174Kb max_used=1185Kb free=4521Kb
 bounds [0x000000000ab50000, 0x000000000adc0000, 0x000000000b0e0000]
 total_blobs=1506 nmethods=822 adapters=435
 compilation: enabled
              stopped_count=0, restarted_count=0
 full_count=0

Compilation events (10 events):
Event: 0.979 Thread 0x000000001f6e8000 nmethod 817 0x000000000b24e810 code [0x000000000b24e9c0, 0x000000000b24ec38]
Event: 0.979 Thread 0x000000001f6e8000  818       3       java.util.zip.ZipUtils::LOCNAM (7 bytes)
Event: 0.980 Thread 0x000000001f6e8000 nmethod 818 0x000000000b24ed10 code [0x000000000b24eec0, 0x000000000b24f0b8]
Event: 0.980 Thread 0x000000001f6e8000  819       3       java.util.zip.ZipUtils::LOCEXT (7 bytes)
Event: 0.980 Thread 0x000000001f6e8000 nmethod 819 0x000000000b24f210 code [0x000000000b24f3c0, 0x000000000b24f5b8]
Event: 0.982 Thread 0x000000001f6e8000  820       3       java.util.zip.ZipFile$InflaterCleanupAction::run (12 bytes)
Event: 0.983 Thread 0x000000001f6e8000 nmethod 820 0x000000000b24f710 code [0x000000000b24f8e0, 0x000000000b24fa90]
Event: 0.983 Thread 0x000000001f6e8000  821   !   3       java.util.zip.ZipFile$CleanableResource::releaseInflater (53 bytes)
Event: 0.983 Thread 0x000000001f6e8000 nmethod 821 0x000000000b24fb90 code [0x000000000b24fd80, 0x000000000b2502b0]
Event: 0.983 Thread 0x000000001f6e8000  822   !   3       java.util.zip.Inflater::reset (64 bytes)

GC Heap History (2 events):
Event: 0.960 GC heap before
{Heap before GC invocations=0 (full 0):
 garbage-first heap   total 65536K, used 13312K [0x00000000c1600000, 0x0000000100000000)
  region size 1024K, 14 young (14336K), 0 survivors (0K)
 Metaspace       used 12146K, capacity 12494K, committed 12800K, reserved 1060864K
  class space    used 1250K, capacity 1410K, committed 1536K, reserved 1048576K
}
Event: 0.965 GC heap after
{Heap after GC invocations=1 (full 0):
 garbage-first heap   total 65536K, used 2852K [0x00000000c1600000, 0x0000000100000000)
  region size 1024K, 2 young (2048K), 2 survivors (2048K)
 Metaspace       used 12146K, capacity 12494K, committed 12800K, reserved 1060864K
  class space    used 1250K, capacity 1410K, committed 1536K, reserved 1048576K
}

Deoptimization events (2 events):
Event: 0.137 Thread 0x0000000002241000 Uncommon trap: reason=unstable_if action=reinterpret pc=0x00000000126153f4 method=java.lang.String.hashCode()I @ 14 c2
Event: 0.904 Thread 0x0000000021c8b800 Uncommon trap: reason=unstable_if action=reinterpret pc=0x00000000126493b8 method=jdk.internal.org.objectweb.asm.Type.getArgumentsAndReturnSizes(Ljava/lang/String;)I @ 88 c2

Classes redefined (0 events):
No events

Internal exceptions (10 events):
Event: 0.727 Thread 0x0000000021e89000 Exception <a 'java/lang/NoSuchMethodError'{0x00000000c4cd6e98}: java.lang.invoke.DirectMethodHandle$Holder.invokeStaticInit(Ljava/lang/Object;)V> (0x00000000c4cd6e98) thrown at [t:/workspace/open/src/hotspot/share/interpreter/linkResolver.cpp, line 772]
Event: 0.751 Thread 0x0000000021c8b800 Exception <a 'java/lang/ClassNotFoundException'{0x00000000c4b7a608}: sun/awt/resources/spi/awtProvider> (0x00000000c4b7a608) thrown at [t:/workspace/open/src/hotspot/share/classfile/systemDictionary.cpp, line 231]
Event: 0.780 Thread 0x0000000021c8b800 Exception <a 'java/io/FileNotFoundException'{0x00000000c4a14700}> (0x00000000c4a14700) thrown at [t:/workspace/open/src/hotspot/share/prims/jni.cpp, line 615]
Event: 0.788 Thread 0x0000000021c8b800 Exception <a 'java/lang/NoSuchMethodError'{0x00000000c4a55778}: java.lang.invoke.DirectMethodHandle$Holder.invokeStatic(Ljava/lang/Object;Ljava/lang/Object;Ljava/lang/Object;Ljava/lang/Object;Ljava/lang/Object;Ljava/lang/Object;Ljava/lang/Object;Ljava/lan
Event: 0.794 Thread 0x0000000021c8b800 Exception <a 'java/lang/NoSuchMethodError'{0x00000000c4a63328}: java.lang.invoke.DirectMethodHandle$Holder.invokeStatic(Ljava/lang/Object;Ljava/lang/Object;Ljava/lang/Object;Ljava/lang/Object;Ljava/lang/Object;Ljava/lang/Object;Ljava/lang/Object;Ljava/lan
Event: 0.795 Thread 0x0000000021c8b800 Exception <a 'java/lang/NoSuchMethodError'{0x00000000c4a70f90}: java.lang.invoke.DirectMethodHandle$Holder.invokeSpecial(Ljava/lang/Object;Ljava/lang/Object;IILjava/lang/Object;Ljava/lang/Object;Ljava/lang/Object;)Ljava/lang/Object;> (0x00000000c4a70f90) 
Event: 0.796 Thread 0x0000000021c8b800 Exception <a 'java/lang/NoSuchMethodError'{0x00000000c4a74518}: java.lang.invoke.DelegatingMethodHandle$Holder.reinvoke_L(Ljava/lang/Object;IILjava/lang/Object;Ljava/lang/Object;Ljava/lang/Object;)Ljava/lang/Object;> (0x00000000c4a74518) thrown at [t:/wor
Event: 0.796 Thread 0x0000000021c8b800 Exception <a 'java/lang/NoSuchMethodError'{0x00000000c4a78518}: java.lang.invoke.DirectMethodHandle$Holder.invokeStatic(Ljava/lang/Object;Ljava/lang/Object;Ljava/lang/Object;Ljava/lang/Object;I)Ljava/lang/Object;> (0x00000000c4a78518) thrown at [t:/worksp
Event: 0.827 Thread 0x0000000021c8b800 Exception <a 'java/io/FileNotFoundException'{0x00000000c4ad8c08}> (0x00000000c4ad8c08) thrown at [t:/workspace/open/src/hotspot/share/prims/jni.cpp, line 615]
Event: 0.972 Thread 0x0000000021d90000 Exception <a 'java/lang/NoSuchMethodError'{0x00000000c5565f48}: java.lang.invoke.DirectMethodHandle$Holder.invokeSpecial(Ljava/lang/Object;Ljava/lang/Object;Ljava/lang/Object;Ljava/lang/Object;)V> (0x00000000c5565f48) thrown at [t:/workspace/open/src/hots

Events (10 events):
Event: 0.977 loading class javafx/scene/control/ProgressIndicator
Event: 0.977 loading class javafx/scene/control/ProgressIndicator done
Event: 0.977 loading class javafx/scene/control/Control
Event: 0.977 loading class javafx/scene/control/Control done
Event: 0.978 loading class javafx/scene/control/Skinnable
Event: 0.978 loading class javafx/scene/control/Skinnable done
Event: 0.978 loading class javafx/scene/layout/Region
Event: 0.978 loading class javafx/scene/layout/Region done
Event: 0.982 loading class javafx/scene/layout/BorderPane
Event: 0.982 loading class javafx/scene/layout/BorderPane done


Dynamic libraries:
0x0000000000400000 - 0x00000000004d2000 	C:\Program Files\BlueJ\BlueJ.exe
0x00007fff311a0000 - 0x00007fff31361000 	C:\Windows\SYSTEM32\ntdll.dll
0x00007fff2f750000 - 0x00007fff2f7fd000 	C:\Windows\system32\KERNEL32.DLL
0x00007fff2da20000 - 0x00007fff2dc08000 	C:\Windows\system32\KERNELBASE.dll
0x00007fff29530000 - 0x00007fff29553000 	C:\Windows\system32\atklshld64.dll
0x00007fff2f910000 - 0x00007fff2fa66000 	C:\Windows\system32\USER32.dll
0x00007fff2e5a0000 - 0x00007fff2e727000 	C:\Windows\system32\GDI32.dll
0x00007fff2f2f0000 - 0x00007fff2f397000 	C:\Windows\system32\ADVAPI32.dll
0x00007fff2eec0000 - 0x00007fff2ef5d000 	C:\Windows\system32\msvcrt.dll
0x00007fff2ef60000 - 0x00007fff2efbb000 	C:\Windows\system32\sechost.dll
0x00007fff2fa70000 - 0x00007fff2fb8d000 	C:\Windows\system32\RPCRT4.dll
0x00007fff2fc40000 - 0x00007fff3119c000 	C:\Windows\system32\SHELL32.dll
0x00007fff2e3c0000 - 0x00007fff2e403000 	C:\Windows\system32\cfgmgr32.dll
0x00007fff2dce0000 - 0x00007fff2e325000 	C:\Windows\system32\windows.storage.dll
0x00007fff2f3a0000 - 0x00007fff2f61e000 	C:\Windows\system32\combase.dll
0x00007fff2dc70000 - 0x00007fff2dcda000 	C:\Windows\system32\bcryptPrimitives.dll
0x00007fff2f6f0000 - 0x00007fff2f742000 	C:\Windows\system32\shlwapi.dll
0x00007fff2d7c0000 - 0x00007fff2d7cf000 	C:\Windows\system32\kernel.appcore.dll
0x00007fff2e4e0000 - 0x00007fff2e595000 	C:\Windows\system32\shcore.dll
0x00007fff2d7d0000 - 0x00007fff2d81b000 	C:\Windows\system32\powrprof.dll
0x00007fff2d820000 - 0x00007fff2d834000 	C:\Windows\system32\profapi.dll
0x00007fff2ada0000 - 0x00007fff2adaa000 	C:\Windows\SYSTEM32\VERSION.dll
0x00007fff2ee60000 - 0x00007fff2ee9b000 	C:\Windows\system32\IMM32.DLL
0x00007ffeeb640000 - 0x00007ffeec163000 	C:\Program Files\BlueJ\jdk\bin\server\jvm.dll
0x00007fff2f190000 - 0x00007fff2f198000 	C:\Windows\system32\PSAPI.DLL
0x00007fff18490000 - 0x00007fff18499000 	C:\Windows\SYSTEM32\WSOCK32.dll
0x00007fff2bf40000 - 0x00007fff2bf63000 	C:\Windows\SYSTEM32\WINMM.dll
0x00007fff2efc0000 - 0x00007fff2f02b000 	C:\Windows\system32\WS2_32.dll
0x00007fff26060000 - 0x00007fff26076000 	C:\Program Files\BlueJ\jdk\bin\VCRUNTIME140.dll
0x00007fff2c9e0000 - 0x00007fff2cad4000 	C:\Windows\SYSTEM32\ucrtbase.dll
0x00007fff2bf10000 - 0x00007fff2bf3c000 	C:\Windows\SYSTEM32\WINMMBASE.dll
0x00007fff26040000 - 0x00007fff26051000 	C:\Program Files\BlueJ\jdk\bin\verify.dll
0x00007fff26010000 - 0x00007fff26038000 	C:\Program Files\BlueJ\jdk\bin\java.dll
0x00007fff25ff0000 - 0x00007fff26006000 	C:\Program Files\BlueJ\jdk\bin\zip.dll
0x00007fff2be70000 - 0x00007fff2be7a000 	C:\Program Files\BlueJ\jdk\bin\jimage.dll
0x00007fff221a0000 - 0x00007fff221b9000 	C:\Program Files\BlueJ\jdk\bin\net.dll
0x00007fff1f710000 - 0x00007fff1f7d7000 	C:\Windows\SYSTEM32\WINHTTP.dll
0x00007fff1aa60000 - 0x00007fff1ac17000 	C:\Windows\SYSTEM32\urlmon.dll
0x00007fff26d70000 - 0x00007fff270fa000 	C:\Windows\SYSTEM32\iertutil.dll
0x00007fff2d0f0000 - 0x00007fff2d14c000 	C:\Windows\system32\mswsock.dll
0x00007fff22180000 - 0x00007fff22193000 	C:\Program Files\BlueJ\jdk\bin\nio.dll
0x0000000180000000 - 0x0000000180003000 	C:\Program Files\BlueJ\lib\javafx\bin\api-ms-win-core-console-l1-1-0.dll
0x0000000002370000 - 0x0000000002373000 	C:\Program Files\BlueJ\lib\javafx\bin\api-ms-win-core-datetime-l1-1-0.dll
0x0000000002380000 - 0x0000000002383000 	C:\Program Files\BlueJ\lib\javafx\bin\api-ms-win-core-debug-l1-1-0.dll
0x0000000002390000 - 0x0000000002393000 	C:\Program Files\BlueJ\lib\javafx\bin\api-ms-win-core-errorhandling-l1-1-0.dll
0x00000000023a0000 - 0x00000000023a4000 	C:\Program Files\BlueJ\lib\javafx\bin\api-ms-win-core-file-l1-1-0.dll
0x00000000023b0000 - 0x00000000023b3000 	C:\Program Files\BlueJ\lib\javafx\bin\api-ms-win-core-file-l1-2-0.dll
0x0000000022600000 - 0x0000000022603000 	C:\Program Files\BlueJ\lib\javafx\bin\api-ms-win-core-file-l2-1-0.dll
0x0000000022610000 - 0x0000000022613000 	C:\Program Files\BlueJ\lib\javafx\bin\api-ms-win-core-handle-l1-1-0.dll
0x0000000022620000 - 0x0000000022623000 	C:\Program Files\BlueJ\lib\javafx\bin\api-ms-win-core-heap-l1-1-0.dll
0x0000000022630000 - 0x0000000022633000 	C:\Program Files\BlueJ\lib\javafx\bin\api-ms-win-core-interlocked-l1-1-0.dll
0x0000000022640000 - 0x0000000022643000 	C:\Program Files\BlueJ\lib\javafx\bin\api-ms-win-core-libraryloader-l1-1-0.dll
0x0000000022650000 - 0x0000000022653000 	C:\Program Files\BlueJ\lib\javafx\bin\api-ms-win-core-localization-l1-2-0.dll
0x0000000022660000 - 0x0000000022663000 	C:\Program Files\BlueJ\lib\javafx\bin\api-ms-win-core-memory-l1-1-0.dll
0x0000000022670000 - 0x0000000022673000 	C:\Program Files\BlueJ\lib\javafx\bin\api-ms-win-core-namedpipe-l1-1-0.dll
0x0000000022680000 - 0x0000000022683000 	C:\Program Files\BlueJ\lib\javafx\bin\api-ms-win-core-processenvironment-l1-1-0.dll
0x0000000022690000 - 0x0000000022693000 	C:\Program Files\BlueJ\lib\javafx\bin\api-ms-win-core-processthreads-l1-1-0.dll
0x00000000226a0000 - 0x00000000226a3000 	C:\Program Files\BlueJ\lib\javafx\bin\api-ms-win-core-processthreads-l1-1-1.dll
0x00000000226b0000 - 0x00000000226b3000 	C:\Program Files\BlueJ\lib\javafx\bin\api-ms-win-core-profile-l1-1-0.dll
0x00000000226c0000 - 0x00000000226c3000 	C:\Program Files\BlueJ\lib\javafx\bin\api-ms-win-core-rtlsupport-l1-1-0.dll
0x00000000226d0000 - 0x00000000226d3000 	C:\Program Files\BlueJ\lib\javafx\bin\api-ms-win-core-string-l1-1-0.dll
0x00000000226e0000 - 0x00000000226e3000 	C:\Program Files\BlueJ\lib\javafx\bin\api-ms-win-core-synch-l1-1-0.dll
0x00000000226f0000 - 0x00000000226f3000 	C:\Program Files\BlueJ\lib\javafx\bin\api-ms-win-core-synch-l1-2-0.dll
0x0000000022700000 - 0x0000000022703000 	C:\Program Files\BlueJ\lib\javafx\bin\api-ms-win-core-sysinfo-l1-1-0.dll
0x0000000022710000 - 0x0000000022713000 	C:\Program Files\BlueJ\lib\javafx\bin\api-ms-win-core-timezone-l1-1-0.dll
0x0000000022720000 - 0x0000000022723000 	C:\Program Files\BlueJ\lib\javafx\bin\api-ms-win-core-util-l1-1-0.dll
0x0000000022730000 - 0x0000000022733000 	C:\Program Files\BlueJ\lib\javafx\bin\api-ms-win-crt-conio-l1-1-0.dll
0x0000000022740000 - 0x0000000022744000 	C:\Program Files\BlueJ\lib\javafx\bin\api-ms-win-crt-convert-l1-1-0.dll
0x0000000022750000 - 0x0000000022753000 	C:\Program Files\BlueJ\lib\javafx\bin\api-ms-win-crt-environment-l1-1-0.dll
0x0000000022760000 - 0x0000000022763000 	C:\Program Files\BlueJ\lib\javafx\bin\api-ms-win-crt-filesystem-l1-1-0.dll
0x0000000022770000 - 0x0000000022773000 	C:\Program Files\BlueJ\lib\javafx\bin\api-ms-win-crt-heap-l1-1-0.dll
0x0000000022780000 - 0x0000000022783000 	C:\Program Files\BlueJ\lib\javafx\bin\api-ms-win-crt-locale-l1-1-0.dll
0x0000000022790000 - 0x0000000022795000 	C:\Program Files\BlueJ\lib\javafx\bin\api-ms-win-crt-math-l1-1-0.dll
0x00000000227a0000 - 0x00000000227a5000 	C:\Program Files\BlueJ\lib\javafx\bin\api-ms-win-crt-multibyte-l1-1-0.dll
0x00000000227b0000 - 0x00000000227c0000 	C:\Program Files\BlueJ\lib\javafx\bin\api-ms-win-crt-private-l1-1-0.dll
0x00000000227c0000 - 0x00000000227c3000 	C:\Program Files\BlueJ\lib\javafx\bin\api-ms-win-crt-process-l1-1-0.dll
0x00000000227d0000 - 0x00000000227d4000 	C:\Program Files\BlueJ\lib\javafx\bin\api-ms-win-crt-runtime-l1-1-0.dll
0x00000000227e0000 - 0x00000000227e4000 	C:\Program Files\BlueJ\lib\javafx\bin\api-ms-win-crt-stdio-l1-1-0.dll
0x00000000227f0000 - 0x00000000227f4000 	C:\Program Files\BlueJ\lib\javafx\bin\api-ms-win-crt-string-l1-1-0.dll
0x0000000022800000 - 0x0000000022803000 	C:\Program Files\BlueJ\lib\javafx\bin\api-ms-win-crt-time-l1-1-0.dll
0x0000000022810000 - 0x0000000022813000 	C:\Program Files\BlueJ\lib\javafx\bin\api-ms-win-crt-utility-l1-1-0.dll
0x00007fff0bb10000 - 0x00007fff0bc0a000 	C:\Program Files\BlueJ\lib\javafx\bin\ucrtbase.dll
0x00007fff22160000 - 0x00007fff22176000 	C:\Program Files\BlueJ\lib\javafx\bin\vcruntime140.dll
0x00007fff093a0000 - 0x00007fff09446000 	C:\Program Files\BlueJ\lib\javafx\bin\msvcp140.dll
0x00007fff152f0000 - 0x00007fff15341000 	C:\Program Files\BlueJ\lib\javafx\bin\concrt140.dll
0x00007fff21660000 - 0x00007fff21683000 	C:\Program Files\BlueJ\lib\javafx\bin\prism_d3d.dll
0x00007fff27760000 - 0x00007fff27970000 	C:\Windows\system32\d3d9.dll
0x00007fff29470000 - 0x00007fff29492000 	C:\Windows\SYSTEM32\dwmapi.dll
0x00007fff2c3a0000 - 0x00007fff2c436000 	C:\Windows\system32\uxtheme.dll
0x00007ffeec170000 - 0x00007ffeee6ad000 	C:\Windows\SYSTEM32\igdumdim64.dll
0x00007fff2eb70000 - 0x00007fff2ec36000 	C:\Windows\system32\OLEAUT32.dll
0x00007fff2f1a0000 - 0x00007fff2f2e3000 	C:\Windows\system32\ole32.dll
0x00007fff2e740000 - 0x00007fff2eb69000 	C:\Windows\system32\SETUPAPI.dll
0x00007fff12b40000 - 0x00007fff12b85000 	C:\Program Files\BlueJ\lib\javafx\bin\glass.dll
0x00007fff2f800000 - 0x00007fff2f90b000 	C:\Windows\system32\COMDLG32.dll
0x00007fff2e330000 - 0x00007fff2e3b6000 	C:\Windows\system32\FirewallAPI.dll
0x00007fff2e410000 - 0x00007fff2e427000 	C:\Windows\system32\NETAPI32.dll
0x00007fff246a0000 - 0x00007fff2474a000 	C:\Windows\WinSxS\amd64_microsoft.windows.common-controls_6595b64144ccf1df_5.82.10586.0_none_396e892957c7fb25\COMCTL32.dll
0x00007fff24df0000 - 0x00007fff24dfc000 	C:\Windows\SYSTEM32\DAVHLPR.DLL
0x00007fff2c5c0000 - 0x00007fff2c5f2000 	C:\Windows\SYSTEM32\fwbase.dll
0x00007fff2f030000 - 0x00007fff2f18a000 	C:\Windows\system32\MSCTF.dll
0x00007fff251f0000 - 0x00007fff25c2f000 	C:\Windows\SYSTEM32\igdusc64.dll
0x00007fff05010000 - 0x00007fff051ae000 	C:\Program Files\BlueJ\jdk\bin\awt.dll
0x00007fff248a0000 - 0x00007fff24de5000 	C:\Windows\SYSTEM32\d2d1.dll
0x00007fff2bfa0000 - 0x00007fff2c019000 	C:\Windows\system32\apphelp.dll

dbghelp: loaded successfully - version: 4.0.5 - missing functions: none
symbol engine: initialized successfully
[error occurred during error reporting (printing native decoder state), id 0xc0000005, EXCEPTION_ACCESS_VIOLATION (0xc0000005) at pc=0x00007fff094576b0]

VM Arguments:
jvm_args: -Djavafx.embed.singleThread=true 
java_command: <unknown>
java_class_path (initial): C:\Program Files\BlueJ\lib\bluej.jar;C:\Program Files\BlueJ\lib\javafx\lib\javafx.base.jar;C:\Program Files\BlueJ\lib\javafx\lib\javafx.controls.jar;C:\Program Files\BlueJ\lib\javafx\lib\javafx.fxml.jar;C:\Program Files\BlueJ\lib\javafx\lib\javafx.graphics.jar;C:\Program Files\BlueJ\lib\javafx\lib\javafx.media.jar;C:\Program Files\BlueJ\lib\javafx\lib\javafx.properties.jar;C:\Program Files\BlueJ\lib\javafx\lib\javafx.swing.jar;C:\Program Files\BlueJ\lib\javafx\lib\javafx.web.jar
Launcher Type: generic

[Global flags]
     intx CICompilerCount                          = 3                                         {product} {ergonomic}
     uint ConcGCThreads                            = 1                                         {product} {ergonomic}
     uint G1ConcRefinementThreads                  = 4                                         {product} {ergonomic}
   size_t G1HeapRegionSize                         = 1048576                                   {product} {ergonomic}
    uintx GCDrainStackTargetSize                   = 64                                        {product} {ergonomic}
   size_t InitialHeapSize                          = 67108864                                  {product} {ergonomic}
   size_t MarkStackSize                            = 4194304                                   {product} {ergonomic}
   size_t MaxHeapSize                              = 1050673152                                {product} {ergonomic}
   size_t MaxNewSize                               = 630194176                                 {product} {ergonomic}
   size_t MinHeapDeltaBytes                        = 1048576                                   {product} {ergonomic}
    uintx NonNMethodCodeHeapSize                   = 5830092                                {pd product} {ergonomic}
    uintx NonProfiledCodeHeapSize                  = 122914074                              {pd product} {ergonomic}
    uintx ProfiledCodeHeapSize                     = 122914074                              {pd product} {ergonomic}
    uintx ReservedCodeCacheSize                    = 251658240                              {pd product} {ergonomic}
     bool SegmentedCodeCache                       = true                                      {product} {ergonomic}
     bool UseCompressedClassPointers               = true                                 {lp64_product} {ergonomic}
     bool UseCompressedOops                        = true                                 {lp64_product} {ergonomic}
     bool UseG1GC                                  = true                                      {product} {ergonomic}
     bool UseLargePagesIndividualAllocation        = false                                  {pd product} {ergonomic}

Logging:
Log output configuration:
 #0: stdout all=warning uptime,level,tags
 #1: stderr all=off uptime,level,tags

Environment Variables:
PATH=C:\Program Files (x86)\Common Files\Oracle\Java\javapath;C:\ProgramData\Oracle\Java\javapath;C:\Program Files (x86)\Intel\iCLS Client\;C:\Program Files\Intel\iCLS Client\;C:\Windows\system32;C:\Windows;C:\Windows\System32\Wbem;C:\Windows\System32\WindowsPowerShell\v1.0\;C:\Program Files (x86)\Intel\Intel(R) Management Engine Components\DAL;C:\Program Files\Intel\Intel(R) Management Engine Components\DAL;C:\Program Files (x86)\Intel\Intel(R) Management Engine Components\IPT;C:\Program Files\Intel\Intel(R) Management Engine Components\IPT;C:\Program Files (x86)\NVIDIA Corporation\PhysX\Common;C:\Program Files\Intel\WiFi\bin\;C:\Program Files\Common Files\Intel\WirelessCommon\
USERNAME=DELL
OS=Windows_NT
PROCESSOR_IDENTIFIER=Intel64 Family 6 Model 61 Stepping 4, GenuineIntel



---------------  S Y S T E M  ---------------

OS: Windows 10 , 64 bit Build 10586 (10.0.10586.589)

CPU:total 4 (initial active 4) (2 cores per cpu, 2 threads per core) family 6 model 61 stepping 4, cmov, cx8, fxsr, mmx, sse, sse2, sse3, ssse3, sse4.1, sse4.2, popcnt, avx, avx2, aes, clmul, erms, 3dnowpref, lzcnt, ht, tsc, tscinvbit, bmi1, bmi2, adx, fma

Memory: 4k page, system-wide physical 4005M (1247M free)
TotalPageFile size 5733M (AvailPageFile size 1845M)
current process WorkingSet (physical memory assigned to process): 76M, peak: 76M
current process commit charge ("private bytes"): 170M, peak: 170M

vm_info: OpenJDK 64-Bit Server VM (11.0.2+9) for windows-amd64 JRE (11.0.2+9), built on Jan 18 2019 05:23:22 by "mach5one" with MS VC++ 15.5 (VS2017)

END.
