#
# A fatal error has been detected by the Java Runtime Environment:
#
#  EXCEPTION_ACCESS_VIOLATION (0xc0000005) at pc=0x00007ff9a55f7700, pid=10756, tid=10872
#
# JRE version: OpenJDK Runtime Environment (11.0.2+9) (build 11.0.2+9)
# Java VM: OpenJDK 64-Bit Server VM (11.0.2+9, mixed mode, tiered, compressed oops, g1 gc, windows-amd64)
# Problematic frame:
# C  0x00007ff9a55f7700
[error occurred during error reporting (printing problematic frame), id 0xc0000005, EXCEPTION_ACCESS_VIOLATION (0xc0000005) at pc=0x00007ff9a55f7cb0]

# No core dump will be written. Minidumps are not enabled by default on client versions of Windows
#
# If you would like to submit a bug report, please visit:
#   http://bugreport.java.com/bugreport/crash.jsp
#

---------------  S U M M A R Y ------------

Command Line: -Djavafx.embed.singleThread=true 

Host: Intel(R) Core(TM) i3-5015U CPU @ 2.10GHz, 4 cores, 3G,  Windows 10 , 64 bit Build 10586 (10.0.10586.589)
Time: Wed Jul  8 01:17:19 2020 India Standard Time elapsed time: 1 seconds (0d 0h 0m 1s)

---------------  T H R E A D  ---------------

Current thread (0x0000000021d10000):  JavaThread "JavaFX Application Thread" [_thread_in_vm, id=10872, stack(0x0000000022f20000,0x0000000023120000)]

Stack: [0x0000000022f20000,0x0000000023120000],  sp=0x0000000023119178,  free space=2020k
Native frames: (J=compiled Java code, j=interpreted, Vv=VM code, C=native code)
C  0x00007ff9a55f7700
[error occurred during error reporting (printing native stack), id 0xc0000005, EXCEPTION_ACCESS_VIOLATION (0xc0000005) at pc=0x00007ff9a55f7cb0]

Java frames: (J=compiled Java code, j=interpreted, Vv=VM code)
j  java.util.zip.Inflater.reset(J)V+0 java.base@11.0.2
j  java.util.zip.Inflater.reset()V+18 java.base@11.0.2
j  java.util.zip.ZipFile$CleanableResource.releaseInflater(Ljava/util/zip/Inflater;)V+22 java.base@11.0.2
j  java.util.zip.ZipFile$InflaterCleanupAction.run()V+8 java.base@11.0.2
J 816 c1 jdk.internal.ref.CleanerImpl$PhantomCleanableRef.performCleanup()V java.base@11.0.2 (10 bytes) @ 0x000000000b25a95c [0x000000000b25a860+0x00000000000000fc]
J 813 c1 jdk.internal.ref.PhantomCleanable.clean()V java.base@11.0.2 (16 bytes) @ 0x000000000b25978c [0x000000000b2595e0+0x00000000000001ac]
J 689 c1 java.util.zip.ZipFile$ZipFileInflaterInputStream.close()V java.base@11.0.2 (67 bytes) @ 0x000000000b20aaec [0x000000000b20a620+0x00000000000004cc]
j  jdk.internal.loader.Resource.getBytes()[B+181 java.base@11.0.2
j  jdk.internal.loader.BuiltinClassLoader.defineClass(Ljava/lang/String;Ljdk/internal/loader/Resource;)Ljava/lang/Class;+84 java.base@11.0.2
J 793 c1 jdk.internal.loader.BuiltinClassLoader.findClassOnClassPathOrNull(Ljava/lang/String;)Ljava/lang/Class; java.base@11.0.2 (64 bytes) @ 0x000000000b24b5ac [0x000000000b24b3c0+0x00000000000001ec]
J 608 c1 jdk.internal.loader.BuiltinClassLoader.loadClassOrNull(Ljava/lang/String;Z)Ljava/lang/Class; java.base@11.0.2 (143 bytes) @ 0x000000000b1df29c [0x000000000b1de180+0x000000000000111c]
J 697 c1 jdk.internal.loader.ClassLoaders$AppClassLoader.loadClass(Ljava/lang/String;Z)Ljava/lang/Class; java.base@11.0.2 (40 bytes) @ 0x000000000b2138a4 [0x000000000b213300+0x00000000000005a4]
J 629 c1 java.lang.ClassLoader.loadClass(Ljava/lang/String;)Ljava/lang/Class; java.base@11.0.2 (7 bytes) @ 0x000000000b1e8cbc [0x000000000b1e8bc0+0x00000000000000fc]
v  ~StubRoutines::call_stub
j  bluej.Boot.lambda$new$0(Lbluej/Boot$FXPlatformSupplier;Ljava/util/concurrent/CompletableFuture;)V+1
j  bluej.Boot$$Lambda$81.run()V+12
j  com.sun.javafx.application.PlatformImpl.lambda$runLater$10(Ljava/lang/Runnable;)Ljava/lang/Void;+1
j  com.sun.javafx.application.PlatformImpl$$Lambda$75.run()Ljava/lang/Object;+4
v  ~StubRoutines::call_stub
j  java.security.AccessController.doPrivileged(Ljava/security/PrivilegedAction;Ljava/security/AccessControlContext;)Ljava/lang/Object;+0 java.base@11.0.2
j  com.sun.javafx.application.PlatformImpl.lambda$runLater$11(Ljava/lang/Runnable;Ljava/security/AccessControlContext;)V+7
j  com.sun.javafx.application.PlatformImpl$$Lambda$74.run()V+8
j  com.sun.glass.ui.InvokeLaterDispatcher$Future.run()V+4
v  ~StubRoutines::call_stub
j  com.sun.glass.ui.win.WinApplication._runLoop(Ljava/lang/Runnable;)V+0
j  com.sun.glass.ui.win.WinApplication.lambda$runLoop$3(ILjava/lang/Runnable;)V+8
j  com.sun.glass.ui.win.WinApplication$$Lambda$48.run()V+12
j  java.lang.Thread.run()V+11 java.base@11.0.2
v  ~StubRoutines::call_stub

siginfo: EXCEPTION_ACCESS_VIOLATION (0xc0000005), data execution prevention violation at address 0x00007ff9a55f7700


Register to memory mapping:

RIP=0x00007ff9a55f7700 is an unknown value
RAX=0x00007ff9a55f7700 is an unknown value
RBX=0x00000000000040ff is an unknown value
RCX=0xffffffffffffffff is an unknown value
RDX=0x00000000001124a0 points into unknown readable memory: 2e 3b 43 3a 5c 50 72 6f
RSP=0x0000000023119178 is pointing into the stack for thread: 0x0000000021d10000
RBP=0x0000000023119350 is pointing into the stack for thread: 0x0000000021d10000
RSI=0xffffffffffffffff is an unknown value
RDI=0x00000000001124a0 points into unknown readable memory: 2e 3b 43 3a 5c 50 72 6f
R8 =0x00000000000040ff is an unknown value
R9 =0x0 is NULL
R10=0x0 is NULL
R11=0x0000000000000064 is an unknown value
R12=0x0000000020ccba50 points into unknown readable memory: 4a 61 76 61 43 72 69 74
R13=0x0 is NULL
R14=0x00000000231195b0 is pointing into the stack for thread: 0x0000000021d10000
R15=0x0000000000000002 is an unknown value


Registers:
RAX=0x00007ff9a55f7700, RBX=0x00000000000040ff, RCX=0xffffffffffffffff, RDX=0x00000000001124a0
RSP=0x0000000023119178, RBP=0x0000000023119350, RSI=0xffffffffffffffff, RDI=0x00000000001124a0
R8 =0x00000000000040ff, R9 =0x0000000000000000, R10=0x0000000000000000, R11=0x0000000000000064
R12=0x0000000020ccba50, R13=0x0000000000000000, R14=0x00000000231195b0, R15=0x0000000000000002
RIP=0x00007ff9a55f7700, EFLAGS=0x0000000000010206

Top of Stack: (sp=0x0000000023119178)
0x0000000023119178:   00007ff99b40266a 0000000000000002
0x0000000023119188:   0000000000000000 0000000023119350
0x0000000023119198:   00007ff9d023c997 ffffffffffffffff
0x00000000231191a8:   00007ff99b364c37 00007ff9a6e00000
0x00000000231191b8:   0000000000000020 00007ff9a6e00000
0x00000000231191c8:   00007ff9cd20faff 0000000000000000
0x00000000231191d8:   0000000000000020 ed157afb07380e1e
0x00000000231191e8:   00007ff9a6e00000 0000000000000000
0x00000000231191f8:   0000000020ccab00 0000000000000000
0x0000000023119208:   00007ff99b364bd5 00000000231195b0
0x0000000023119218:   ffffffffffffffff 0000000000000002
0x0000000023119228:   00000000231195b0 0000000023119330
0x0000000023119238:   00007ff99b28e4ba 00007ff9a6e00000
0x0000000023119248:   0000000000000020 661b3a06e276f97e
0x0000000023119258:   0dd1a4bb28c71252 00000000231192c0
0x0000000023119268:   0000000023119529 00007ff9a6e01c0c 

Instructions: (pc=0x00007ff9a55f7700)
0x00007ff9a55f76e0:   
[error occurred during error reporting (printing registers, top of stack, instructions near pc), id 0xc0000005, EXCEPTION_ACCESS_VIOLATION (0xc0000005) at pc=0x00007ff99b288033]

Stack slot to memory mapping:
stack at sp + 0 slots: 0x00007ff99b40266a jvm.dll
[error occurred during error reporting (inspecting top of stack), id 0xc0000005, EXCEPTION_ACCESS_VIOLATION (0xc0000005) at pc=0x00007ff9a55f7cb0]


---------------  P R O C E S S  ---------------

Threads class SMR info:
_java_thread_list=0x0000000022259790, length=20, elements={
0x0000000002458800, 0x000000001febf800, 0x000000001fec8800, 0x000000001ff25800,
0x000000001ff26800, 0x000000001ff2a000, 0x0000000020c60800, 0x0000000020c6e800,
0x0000000020d5d800, 0x0000000020d6c800, 0x0000000021c79800, 0x0000000021e81000,
0x0000000021e7d800, 0x0000000021d10000, 0x0000000021f39800, 0x0000000021f89800,
0x0000000022220800, 0x00000000220aa000, 0x000000002242d800, 0x00000000222c1000
}

Java Threads: ( => current thread )
  0x0000000002458800 JavaThread "main" [_thread_blocked, id=10760, stack(0x00000000004e0000,0x00000000006e0000)]
  0x000000001febf800 JavaThread "Reference Handler" daemon [_thread_blocked, id=10796, stack(0x0000000020150000,0x0000000020350000)]
  0x000000001fec8800 JavaThread "Finalizer" daemon [_thread_blocked, id=10800, stack(0x0000000020350000,0x0000000020550000)]
  0x000000001ff25800 JavaThread "Signal Dispatcher" daemon [_thread_blocked, id=10804, stack(0x0000000020630000,0x0000000020830000)]
  0x000000001ff26800 JavaThread "Attach Listener" daemon [_thread_blocked, id=10808, stack(0x0000000020830000,0x0000000020a30000)]
  0x000000001ff2a000 JavaThread "C2 CompilerThread0" daemon [_thread_blocked, id=10812, stack(0x0000000020a30000,0x0000000020c30000)]
  0x0000000020c60800 JavaThread "C1 CompilerThread0" daemon [_thread_blocked, id=10816, stack(0x0000000021030000,0x0000000021230000)]
  0x0000000020c6e800 JavaThread "Sweeper thread" daemon [_thread_blocked, id=10820, stack(0x0000000021230000,0x0000000021430000)]
  0x0000000020d5d800 JavaThread "Service Thread" daemon [_thread_blocked, id=10828, stack(0x0000000021430000,0x0000000021630000)]
  0x0000000020d6c800 JavaThread "Common-Cleaner" daemon [_thread_blocked, id=10836, stack(0x0000000021830000,0x0000000021a30000)]
  0x0000000021c79800 JavaThread "JavaFX-Launcher" [_thread_blocked, id=10844, stack(0x0000000022430000,0x0000000022630000)]
  0x0000000021e81000 JavaThread "QuantumRenderer-0" daemon [_thread_blocked, id=10848, stack(0x0000000022840000,0x0000000022a40000)]
  0x0000000021e7d800 JavaThread "InvokeLaterDispatcher" daemon [_thread_blocked, id=10868, stack(0x0000000022d20000,0x0000000022f20000)]
=>0x0000000021d10000 JavaThread "JavaFX Application Thread" [_thread_in_vm, id=10872, stack(0x0000000022f20000,0x0000000023120000)]
  0x0000000021f39800 JavaThread "Thread-2" daemon [_thread_in_native, id=10888, stack(0x0000000027ab0000,0x0000000027cb0000)]
  0x0000000021f89800 JavaThread "C2 CompilerThread1" daemon [_thread_blocked, id=10892, stack(0x0000000027cb0000,0x0000000027eb0000)]
  0x0000000022220800 JavaThread "Java2D Disposer" daemon [_thread_blocked, id=10896, stack(0x00000000292f0000,0x00000000294f0000)]
  0x00000000220aa000 JavaThread "AWT-Shutdown" [_thread_blocked, id=10900, stack(0x00000000294f0000,0x00000000296f0000)]
  0x000000002242d800 JavaThread "AWT-Windows" daemon [_thread_in_native, id=10904, stack(0x00000000296f0000,0x00000000298f0000)]
  0x00000000222c1000 JavaThread "Thread-3" [_thread_blocked, id=10920, stack(0x0000000029af0000,0x0000000029cf0000)]

Other Threads:
  0x000000001fe98000 VMThread "VM Thread" [stack: 0x000000001ff50000,0x0000000020150000] [id=10792]
  0x0000000020d5e000 WatcherThread [stack: 0x0000000021630000,0x0000000021830000] [id=10832]
  0x000000000246a800 GCTaskThread "GC Thread#0" [stack: 0x0000000019d40000,0x0000000019f40000] [id=10772]
  0x00000000220b8000 GCTaskThread "GC Thread#1" [stack: 0x0000000029cf0000,0x0000000029ef0000] [id=10924]
  0x00000000220b9000 GCTaskThread "GC Thread#2" [stack: 0x0000000029ef0000,0x000000002a0f0000] [id=10928]
  0x000000002221a000 GCTaskThread "GC Thread#3" [stack: 0x000000002a0f0000,0x000000002a2f0000] [id=10932]
  0x0000000002484000 ConcurrentGCThread "G1 Main Marker" [stack: 0x000000001c900000,0x000000001cb00000] [id=10776]
  0x0000000002485000 ConcurrentGCThread "G1 Conc#0" [stack: 0x000000001cb00000,0x000000001cd00000] [id=10780]
  0x00000000024e2000 ConcurrentGCThread "G1 Refine#0" [stack: 0x000000001f150000,0x000000001f350000] [id=10784]
  0x00000000024e7800 ConcurrentGCThread "G1 Young RemSet Sampling" [stack: 0x000000001f350000,0x000000001f550000] [id=10788]

Threads with active compile tasks:

VM state:not at safepoint (normal execution)

VM Mutex/Monitor currently owned by a thread:  ([mutex/lock_event])
[0x0000000002456050] AdapterHandlerLibrary_lock - owner thread: 0x0000000021d10000

Heap address: 0x00000000c1600000, size: 1002 MB, Compressed Oops mode: 32-bit
Narrow klass base: 0x0000000000000000, Narrow klass shift: 3
Compressed class space size: 1073741824 Address: 0x0000000100000000

Heap:
 garbage-first heap   total 65536K, used 3905K [0x00000000c1600000, 0x0000000100000000)
  region size 1024K, 4 young (4096K), 2 survivors (2048K)
 Metaspace       used 12483K, capacity 12819K, committed 13056K, reserved 1060864K
  class space    used 1283K, capacity 1412K, committed 1536K, reserved 1048576K
Heap Regions: E=young(eden), S=young(survivor), O=old, HS=humongous(starts), HC=humongous(continues), CS=collection set, F=free, A=archive, TAMS=top-at-mark-start (previous, next)
|   0|0x00000000c1600000, 0x00000000c16d0600, 0x00000000c1700000| 81%| O|  |TAMS 0x00000000c1600000, 0x00000000c1600000| Untracked 
|   1|0x00000000c1700000, 0x00000000c1700000, 0x00000000c1800000|  0%| F|  |TAMS 0x00000000c1700000, 0x00000000c1700000| Untracked 
|   2|0x00000000c1800000, 0x00000000c1800000, 0x00000000c1900000|  0%| F|  |TAMS 0x00000000c1800000, 0x00000000c1800000| Untracked 
|   3|0x00000000c1900000, 0x00000000c1900000, 0x00000000c1a00000|  0%| F|  |TAMS 0x00000000c1900000, 0x00000000c1900000| Untracked 
|   4|0x00000000c1a00000, 0x00000000c1a00000, 0x00000000c1b00000|  0%| F|  |TAMS 0x00000000c1a00000, 0x00000000c1a00000| Untracked 
|   5|0x00000000c1b00000, 0x00000000c1b00000, 0x00000000c1c00000|  0%| F|  |TAMS 0x00000000c1b00000, 0x00000000c1b00000| Untracked 
|   6|0x00000000c1c00000, 0x00000000c1c00000, 0x00000000c1d00000|  0%| F|  |TAMS 0x00000000c1c00000, 0x00000000c1c00000| Untracked 
|   7|0x00000000c1d00000, 0x00000000c1d00000, 0x00000000c1e00000|  0%| F|  |TAMS 0x00000000c1d00000, 0x00000000c1d00000| Untracked 
|   8|0x00000000c1e00000, 0x00000000c1e00000, 0x00000000c1f00000|  0%| F|  |TAMS 0x00000000c1e00000, 0x00000000c1e00000| Untracked 
|   9|0x00000000c1f00000, 0x00000000c1f00000, 0x00000000c2000000|  0%| F|  |TAMS 0x00000000c1f00000, 0x00000000c1f00000| Untracked 
|  10|0x00000000c2000000, 0x00000000c2000000, 0x00000000c2100000|  0%| F|  |TAMS 0x00000000c2000000, 0x00000000c2000000| Untracked 
|  11|0x00000000c2100000, 0x00000000c2100000, 0x00000000c2200000|  0%| F|  |TAMS 0x00000000c2100000, 0x00000000c2100000| Untracked 
|  12|0x00000000c2200000, 0x00000000c2200000, 0x00000000c2300000|  0%| F|  |TAMS 0x00000000c2200000, 0x00000000c2200000| Untracked 
|  13|0x00000000c2300000, 0x00000000c2300000, 0x00000000c2400000|  0%| F|  |TAMS 0x00000000c2300000, 0x00000000c2300000| Untracked 
|  14|0x00000000c2400000, 0x00000000c2400000, 0x00000000c2500000|  0%| F|  |TAMS 0x00000000c2400000, 0x00000000c2400000| Untracked 
|  15|0x00000000c2500000, 0x00000000c2500000, 0x00000000c2600000|  0%| F|  |TAMS 0x00000000c2500000, 0x00000000c2500000| Untracked 
|  16|0x00000000c2600000, 0x00000000c2600000, 0x00000000c2700000|  0%| F|  |TAMS 0x00000000c2600000, 0x00000000c2600000| Untracked 
|  17|0x00000000c2700000, 0x00000000c2700000, 0x00000000c2800000|  0%| F|  |TAMS 0x00000000c2700000, 0x00000000c2700000| Untracked 
|  18|0x00000000c2800000, 0x00000000c2800000, 0x00000000c2900000|  0%| F|  |TAMS 0x00000000c2800000, 0x00000000c2800000| Untracked 
|  19|0x00000000c2900000, 0x00000000c2900000, 0x00000000c2a00000|  0%| F|  |TAMS 0x00000000c2900000, 0x00000000c2900000| Untracked 
|  20|0x00000000c2a00000, 0x00000000c2a00000, 0x00000000c2b00000|  0%| F|  |TAMS 0x00000000c2a00000, 0x00000000c2a00000| Untracked 
|  21|0x00000000c2b00000, 0x00000000c2b00000, 0x00000000c2c00000|  0%| F|  |TAMS 0x00000000c2b00000, 0x00000000c2b00000| Untracked 
|  22|0x00000000c2c00000, 0x00000000c2c00000, 0x00000000c2d00000|  0%| F|  |TAMS 0x00000000c2c00000, 0x00000000c2c00000| Untracked 
|  23|0x00000000c2d00000, 0x00000000c2d00000, 0x00000000c2e00000|  0%| F|  |TAMS 0x00000000c2d00000, 0x00000000c2d00000| Untracked 
|  24|0x00000000c2e00000, 0x00000000c2e00000, 0x00000000c2f00000|  0%| F|  |TAMS 0x00000000c2e00000, 0x00000000c2e00000| Untracked 
|  25|0x00000000c2f00000, 0x00000000c2f00000, 0x00000000c3000000|  0%| F|  |TAMS 0x00000000c2f00000, 0x00000000c2f00000| Untracked 
|  26|0x00000000c3000000, 0x00000000c3000000, 0x00000000c3100000|  0%| F|  |TAMS 0x00000000c3000000, 0x00000000c3000000| Untracked 
|  27|0x00000000c3100000, 0x00000000c3100000, 0x00000000c3200000|  0%| F|  |TAMS 0x00000000c3100000, 0x00000000c3100000| Untracked 
|  28|0x00000000c3200000, 0x00000000c3200000, 0x00000000c3300000|  0%| F|  |TAMS 0x00000000c3200000, 0x00000000c3200000| Untracked 
|  29|0x00000000c3300000, 0x00000000c3300000, 0x00000000c3400000|  0%| F|  |TAMS 0x00000000c3300000, 0x00000000c3300000| Untracked 
|  30|0x00000000c3400000, 0x00000000c3400000, 0x00000000c3500000|  0%| F|  |TAMS 0x00000000c3400000, 0x00000000c3400000| Untracked 
|  31|0x00000000c3500000, 0x00000000c3500000, 0x00000000c3600000|  0%| F|  |TAMS 0x00000000c3500000, 0x00000000c3500000| Untracked 
|  32|0x00000000c3600000, 0x00000000c3600000, 0x00000000c3700000|  0%| F|  |TAMS 0x00000000c3600000, 0x00000000c3600000| Untracked 
|  33|0x00000000c3700000, 0x00000000c3700000, 0x00000000c3800000|  0%| F|  |TAMS 0x00000000c3700000, 0x00000000c3700000| Untracked 
|  34|0x00000000c3800000, 0x00000000c3800000, 0x00000000c3900000|  0%| F|  |TAMS 0x00000000c3800000, 0x00000000c3800000| Untracked 
|  35|0x00000000c3900000, 0x00000000c3900000, 0x00000000c3a00000|  0%| F|  |TAMS 0x00000000c3900000, 0x00000000c3900000| Untracked 
|  36|0x00000000c3a00000, 0x00000000c3a00000, 0x00000000c3b00000|  0%| F|  |TAMS 0x00000000c3a00000, 0x00000000c3a00000| Untracked 
|  37|0x00000000c3b00000, 0x00000000c3b00000, 0x00000000c3c00000|  0%| F|  |TAMS 0x00000000c3b00000, 0x00000000c3b00000| Untracked 
|  38|0x00000000c3c00000, 0x00000000c3c00000, 0x00000000c3d00000|  0%| F|  |TAMS 0x00000000c3c00000, 0x00000000c3c00000| Untracked 
|  39|0x00000000c3d00000, 0x00000000c3d00000, 0x00000000c3e00000|  0%| F|  |TAMS 0x00000000c3d00000, 0x00000000c3d00000| Untracked 
|  40|0x00000000c3e00000, 0x00000000c3e00000, 0x00000000c3f00000|  0%| F|  |TAMS 0x00000000c3e00000, 0x00000000c3e00000| Untracked 
|  41|0x00000000c3f00000, 0x00000000c3f00000, 0x00000000c4000000|  0%| F|  |TAMS 0x00000000c3f00000, 0x00000000c3f00000| Untracked 
|  42|0x00000000c4000000, 0x00000000c4000000, 0x00000000c4100000|  0%| F|  |TAMS 0x00000000c4000000, 0x00000000c4000000| Untracked 
|  43|0x00000000c4100000, 0x00000000c4100000, 0x00000000c4200000|  0%| F|  |TAMS 0x00000000c4100000, 0x00000000c4100000| Untracked 
|  44|0x00000000c4200000, 0x00000000c4200000, 0x00000000c4300000|  0%| F|  |TAMS 0x00000000c4200000, 0x00000000c4200000| Untracked 
|  45|0x00000000c4300000, 0x00000000c4300000, 0x00000000c4400000|  0%| F|  |TAMS 0x00000000c4300000, 0x00000000c4300000| Untracked 
|  46|0x00000000c4400000, 0x00000000c4400000, 0x00000000c4500000|  0%| F|  |TAMS 0x00000000c4400000, 0x00000000c4400000| Untracked 
|  47|0x00000000c4500000, 0x00000000c4500000, 0x00000000c4600000|  0%| F|  |TAMS 0x00000000c4500000, 0x00000000c4500000| Untracked 
|  48|0x00000000c4600000, 0x00000000c4700000, 0x00000000c4700000|100%| S|CS|TAMS 0x00000000c4600000, 0x00000000c4600000| Complete 
|  49|0x00000000c4700000, 0x00000000c4800000, 0x00000000c4800000|100%| S|CS|TAMS 0x00000000c4700000, 0x00000000c4700000| Complete 
|  50|0x00000000c4800000, 0x00000000c4800000, 0x00000000c4900000|  0%| F|  |TAMS 0x00000000c4800000, 0x00000000c4800000| Untracked 
|  51|0x00000000c4900000, 0x00000000c4900000, 0x00000000c4a00000|  0%| F|  |TAMS 0x00000000c4900000, 0x00000000c4900000| Untracked 
|  52|0x00000000c4a00000, 0x00000000c4a00000, 0x00000000c4b00000|  0%| F|  |TAMS 0x00000000c4a00000, 0x00000000c4a00000| Untracked 
|  53|0x00000000c4b00000, 0x00000000c4b00000, 0x00000000c4c00000|  0%| F|  |TAMS 0x00000000c4b00000, 0x00000000c4b00000| Untracked 
|  54|0x00000000c4c00000, 0x00000000c4c00000, 0x00000000c4d00000|  0%| F|  |TAMS 0x00000000c4c00000, 0x00000000c4c00000| Untracked 
|  55|0x00000000c4d00000, 0x00000000c4d00000, 0x00000000c4e00000|  0%| F|  |TAMS 0x00000000c4d00000, 0x00000000c4d00000| Untracked 
|  56|0x00000000c4e00000, 0x00000000c4e00000, 0x00000000c4f00000|  0%| F|  |TAMS 0x00000000c4e00000, 0x00000000c4e00000| Untracked 
|  57|0x00000000c4f00000, 0x00000000c4f00000, 0x00000000c5000000|  0%| F|  |TAMS 0x00000000c4f00000, 0x00000000c4f00000| Untracked 
|  58|0x00000000c5000000, 0x00000000c5000000, 0x00000000c5100000|  0%| F|  |TAMS 0x00000000c5000000, 0x00000000c5000000| Untracked 
|  59|0x00000000c5100000, 0x00000000c5100000, 0x00000000c5200000|  0%| F|  |TAMS 0x00000000c5100000, 0x00000000c5100000| Untracked 
|  60|0x00000000c5200000, 0x00000000c5200000, 0x00000000c5300000|  0%| F|  |TAMS 0x00000000c5200000, 0x00000000c5200000| Untracked 
|  61|0x00000000c5300000, 0x00000000c5300000, 0x00000000c5400000|  0%| F|  |TAMS 0x00000000c5300000, 0x00000000c5300000| Untracked 
|  62|0x00000000c5400000, 0x00000000c540f700, 0x00000000c5500000|  6%| E|  |TAMS 0x00000000c5400000, 0x00000000c5400000| Complete 
|  63|0x00000000c5500000, 0x00000000c5600000, 0x00000000c5600000|100%| E|CS|TAMS 0x00000000c5500000, 0x00000000c5500000| Complete 

Card table byte_map: [0x000000001a5a0000,0x000000001a7a0000] _byte_map_base: 0x0000000019f95000

Marking Bits (Prev, Next): (CMBitMap*) 0x000000000247f258, (CMBitMap*) 0x000000000247f290
 Prev Bits: [0x000000001a9a0000, 0x000000001b948000)
 Next Bits: [0x000000001b950000, 0x000000001c8f8000)

Polling page: 0x00000000023f0000

Metaspace:

Usage:
  Non-class:     11.14 MB capacity,    10.94 MB ( 98%) used,   172.95 KB (  2%) free+waste,    34.75 KB ( <1%) overhead. 
      Class:      1.38 MB capacity,     1.25 MB ( 91%) used,   110.98 KB (  8%) free+waste,    17.31 KB (  1%) overhead. 
       Both:     12.52 MB capacity,    12.19 MB ( 97%) used,   283.94 KB (  2%) free+waste,    52.06 KB ( <1%) overhead. 

Virtual space:
  Non-class space:       12.00 MB reserved,      11.25 MB ( 94%) committed 
      Class space:        1.00 GB reserved,       1.50 MB ( <1%) committed 
             Both:        1.01 GB reserved,      12.75 MB (  1%) committed 

Chunk freelists:
   Non-Class:  6.13 KB
       Class:  0 bytes
        Both:  6.13 KB

CodeHeap 'non-profiled nmethods': size=120064Kb used=270Kb max_used=270Kb free=119793Kb
 bounds [0x0000000012620000, 0x0000000012890000, 0x0000000019b60000]
CodeHeap 'profiled nmethods': size=120000Kb used=1487Kb max_used=1487Kb free=118512Kb
 bounds [0x000000000b0f0000, 0x000000000b360000, 0x0000000012620000]
CodeHeap 'non-nmethods': size=5696Kb used=1174Kb max_used=1202Kb free=4521Kb
 bounds [0x000000000ab60000, 0x000000000add0000, 0x000000000b0f0000]
 total_blobs=1502 nmethods=828 adapters=435
 compilation: enabled
              stopped_count=0, restarted_count=0
 full_count=0

Compilation events (10 events):
Event: 0.996 Thread 0x0000000020c60800 nmethod 820 0x000000000b260c10 code [0x000000000b260de0, 0x000000000b261010]
Event: 0.996 Thread 0x0000000020c60800  823       3       java.util.zip.ZipUtils::CENOFF (9 bytes)
Event: 0.996 Thread 0x0000000020c60800 nmethod 823 0x000000000b261110 code [0x000000000b2612e0, 0x000000000b261618]
Event: 0.996 Thread 0x0000000020c60800  824       3       java.util.ArrayDeque::poll (5 bytes)
Event: 0.996 Thread 0x0000000020c60800 nmethod 824 0x000000000b261790 code [0x000000000b261940, 0x000000000b261af0]
Event: 0.996 Thread 0x0000000020c60800  825       3       java.util.zip.InflaterInputStream::<init> (79 bytes)
Event: 0.997 Thread 0x0000000020c60800 nmethod 825 0x000000000b261b90 code [0x000000000b261da0, 0x000000000b262600]
Event: 0.998 Thread 0x0000000020c60800  826       3       java.util.zip.ZipFile$InflaterCleanupAction::run (12 bytes)
Event: 0.998 Thread 0x0000000020c60800 nmethod 826 0x000000000b262810 code [0x000000000b2629e0, 0x000000000b262b90]
Event: 0.998 Thread 0x0000000020c60800  827   !   3       java.util.zip.ZipFile$CleanableResource::releaseInflater (53 bytes)

GC Heap History (2 events):
Event: 0.980 GC heap before
{Heap before GC invocations=0 (full 0):
 garbage-first heap   total 65536K, used 13312K [0x00000000c1600000, 0x0000000100000000)
  region size 1024K, 14 young (14336K), 0 survivors (0K)
 Metaspace       used 12331K, capacity 12686K, committed 13056K, reserved 1060864K
  class space    used 1263K, capacity 1410K, committed 1536K, reserved 1048576K
}
Event: 0.987 GC heap after
{Heap after GC invocations=1 (full 0):
 garbage-first heap   total 65536K, used 2881K [0x00000000c1600000, 0x0000000100000000)
  region size 1024K, 2 young (2048K), 2 survivors (2048K)
 Metaspace       used 12331K, capacity 12686K, committed 13056K, reserved 1060864K
  class space    used 1263K, capacity 1410K, committed 1536K, reserved 1048576K
}

Deoptimization events (2 events):
Event: 0.248 Thread 0x0000000002458800 Uncommon trap: reason=unstable_if action=reinterpret pc=0x0000000012624874 method=java.lang.String.hashCode()I @ 14 c2
Event: 0.911 Thread 0x0000000021c79800 Uncommon trap: reason=unstable_if action=reinterpret pc=0x000000001265303c method=jdk.internal.org.objectweb.asm.Type.getArgumentsAndReturnSizes(Ljava/lang/String;)I @ 88 c2

Classes redefined (0 events):
No events

Internal exceptions (10 events):
Event: 0.751 Thread 0x0000000021d10000 Exception <a 'java/lang/NoSuchMethodError'{0x00000000c4cd72a0}: java.lang.invoke.DirectMethodHandle$Holder.invokeStaticInit(Ljava/lang/Object;)V> (0x00000000c4cd72a0) thrown at [t:/workspace/open/src/hotspot/share/interpreter/linkResolver.cpp, line 772]
Event: 0.771 Thread 0x0000000021c79800 Exception <a 'java/lang/ClassNotFoundException'{0x00000000c4b7aa78}: sun/awt/resources/spi/awtProvider> (0x00000000c4b7aa78) thrown at [t:/workspace/open/src/hotspot/share/classfile/systemDictionary.cpp, line 231]
Event: 0.788 Thread 0x0000000021c79800 Exception <a 'java/io/FileNotFoundException'{0x00000000c4a15b70}> (0x00000000c4a15b70) thrown at [t:/workspace/open/src/hotspot/share/prims/jni.cpp, line 615]
Event: 0.796 Thread 0x0000000021c79800 Exception <a 'java/lang/NoSuchMethodError'{0x00000000c4a56628}: java.lang.invoke.DirectMethodHandle$Holder.invokeStatic(Ljava/lang/Object;Ljava/lang/Object;Ljava/lang/Object;Ljava/lang/Object;Ljava/lang/Object;Ljava/lang/Object;Ljava/lang/Object;Ljava/lan
Event: 0.801 Thread 0x0000000021c79800 Exception <a 'java/lang/NoSuchMethodError'{0x00000000c4a641d8}: java.lang.invoke.DirectMethodHandle$Holder.invokeStatic(Ljava/lang/Object;Ljava/lang/Object;Ljava/lang/Object;Ljava/lang/Object;Ljava/lang/Object;Ljava/lang/Object;Ljava/lang/Object;Ljava/lan
Event: 0.803 Thread 0x0000000021c79800 Exception <a 'java/lang/NoSuchMethodError'{0x00000000c4a71e40}: java.lang.invoke.DirectMethodHandle$Holder.invokeSpecial(Ljava/lang/Object;Ljava/lang/Object;IILjava/lang/Object;Ljava/lang/Object;Ljava/lang/Object;)Ljava/lang/Object;> (0x00000000c4a71e40) 
Event: 0.803 Thread 0x0000000021c79800 Exception <a 'java/lang/NoSuchMethodError'{0x00000000c4a753c8}: java.lang.invoke.DelegatingMethodHandle$Holder.reinvoke_L(Ljava/lang/Object;IILjava/lang/Object;Ljava/lang/Object;Ljava/lang/Object;)Ljava/lang/Object;> (0x00000000c4a753c8) thrown at [t:/wor
Event: 0.804 Thread 0x0000000021c79800 Exception <a 'java/lang/NoSuchMethodError'{0x00000000c4a793c8}: java.lang.invoke.DirectMethodHandle$Holder.invokeStatic(Ljava/lang/Object;Ljava/lang/Object;Ljava/lang/Object;Ljava/lang/Object;I)Ljava/lang/Object;> (0x00000000c4a793c8) thrown at [t:/worksp
Event: 0.836 Thread 0x0000000021c79800 Exception <a 'java/io/FileNotFoundException'{0x00000000c4ad9cd8}> (0x00000000c4ad9cd8) thrown at [t:/workspace/open/src/hotspot/share/prims/jni.cpp, line 615]
Event: 0.980 Thread 0x00000000222c1000 Exception <a 'java/lang/NoSuchMethodError'{0x00000000c48fe2b8}: java.lang.invoke.DirectMethodHandle$Holder.invokeSpecial(Ljava/lang/Object;Ljava/lang/Object;Ljava/lang/Object;Ljava/lang/Object;)V> (0x00000000c48fe2b8) thrown at [t:/workspace/open/src/hots

Events (10 events):
Event: 0.992 loading class javafx/scene/control/ProgressIndicator
Event: 0.992 loading class javafx/scene/control/ProgressIndicator done
Event: 0.992 loading class javafx/scene/control/Control
Event: 0.992 loading class javafx/scene/control/Control done
Event: 0.993 loading class javafx/scene/control/Skinnable
Event: 0.993 loading class javafx/scene/control/Skinnable done
Event: 0.993 loading class javafx/scene/layout/Region
Event: 0.993 loading class javafx/scene/layout/Region done
Event: 0.997 loading class javafx/scene/layout/BorderPane
Event: 0.997 loading class javafx/scene/layout/BorderPane done


Dynamic libraries:
0x0000000000400000 - 0x00000000004d2000 	C:\Program Files\BlueJ\BlueJ.exe
0x00007ff9d0220000 - 0x00007ff9d03e1000 	C:\Windows\SYSTEM32\ntdll.dll
0x00007ff9cf130000 - 0x00007ff9cf1dd000 	C:\Windows\system32\KERNEL32.DLL
0x00007ff9cd1b0000 - 0x00007ff9cd398000 	C:\Windows\system32\KERNELBASE.dll
0x00007ff9a8210000 - 0x00007ff9a8233000 	C:\Windows\system32\atklshld64.dll
0x00007ff9cfae0000 - 0x00007ff9cfc36000 	C:\Windows\system32\USER32.dll
0x00007ff9cf690000 - 0x00007ff9cf817000 	C:\Windows\system32\GDI32.dll
0x00007ff9cd620000 - 0x00007ff9cd6c7000 	C:\Windows\system32\ADVAPI32.dll
0x00007ff9cf300000 - 0x00007ff9cf39d000 	C:\Windows\system32\msvcrt.dll
0x00007ff9cf3a0000 - 0x00007ff9cf3fb000 	C:\Windows\system32\sechost.dll
0x00007ff9cf1e0000 - 0x00007ff9cf2fd000 	C:\Windows\system32\RPCRT4.dll
0x00007ff9cdbd0000 - 0x00007ff9cf12c000 	C:\Windows\system32\SHELL32.dll
0x00007ff9cd400000 - 0x00007ff9cd443000 	C:\Windows\system32\cfgmgr32.dll
0x00007ff9cca00000 - 0x00007ff9cd045000 	C:\Windows\system32\windows.storage.dll
0x00007ff9cf410000 - 0x00007ff9cf68e000 	C:\Windows\system32\combase.dll
0x00007ff9cc990000 - 0x00007ff9cc9fa000 	C:\Windows\system32\bcryptPrimitives.dll
0x00007ff9d00f0000 - 0x00007ff9d0142000 	C:\Windows\system32\shlwapi.dll
0x00007ff9cc8a0000 - 0x00007ff9cc8af000 	C:\Windows\system32\kernel.appcore.dll
0x00007ff9cc8d0000 - 0x00007ff9cc985000 	C:\Windows\system32\shcore.dll
0x00007ff9cc840000 - 0x00007ff9cc88b000 	C:\Windows\system32\powrprof.dll
0x00007ff9cc8b0000 - 0x00007ff9cc8c4000 	C:\Windows\system32\profapi.dll
0x00007ff9ca410000 - 0x00007ff9ca41a000 	C:\Windows\SYSTEM32\VERSION.dll
0x00007ff9cf940000 - 0x00007ff9cf97b000 	C:\Windows\system32\IMM32.DLL
0x00007ff99ac60000 - 0x00007ff99b783000 	C:\Program Files\BlueJ\jdk\bin\server\jvm.dll
0x00007ff9cf400000 - 0x00007ff9cf408000 	C:\Windows\system32\PSAPI.DLL
0x00007ff9b8f80000 - 0x00007ff9b8f89000 	C:\Windows\SYSTEM32\WSOCK32.dll
0x00007ff9cf820000 - 0x00007ff9cf88b000 	C:\Windows\system32\WS2_32.dll
0x00007ff9cadb0000 - 0x00007ff9cadd3000 	C:\Windows\SYSTEM32\WINMM.dll
0x00007ff9a81f0000 - 0x00007ff9a8206000 	C:\Program Files\BlueJ\jdk\bin\VCRUNTIME140.dll
0x00007ff9cba60000 - 0x00007ff9cbb54000 	C:\Windows\SYSTEM32\ucrtbase.dll
0x00007ff9cad10000 - 0x00007ff9cad3c000 	C:\Windows\SYSTEM32\WINMMBASE.dll
0x00007ff9a81d0000 - 0x00007ff9a81e1000 	C:\Program Files\BlueJ\jdk\bin\verify.dll
0x00007ff9a6e20000 - 0x00007ff9a6e48000 	C:\Program Files\BlueJ\jdk\bin\java.dll
0x00007ff9a6e00000 - 0x00007ff9a6e16000 	C:\Program Files\BlueJ\jdk\bin\zip.dll
0x00007ff9b1940000 - 0x00007ff9b194a000 	C:\Program Files\BlueJ\jdk\bin\jimage.dll
0x00007ff9a6de0000 - 0x00007ff9a6df9000 	C:\Program Files\BlueJ\jdk\bin\net.dll
0x00007ff9c1fd0000 - 0x00007ff9c2097000 	C:\Windows\SYSTEM32\WINHTTP.dll
0x00007ff9b82e0000 - 0x00007ff9b8497000 	C:\Windows\SYSTEM32\urlmon.dll
0x00007ff9c4470000 - 0x00007ff9c47fa000 	C:\Windows\SYSTEM32\iertutil.dll
0x00007ff9cc110000 - 0x00007ff9cc16c000 	C:\Windows\system32\mswsock.dll
0x00007ff9a6dc0000 - 0x00007ff9a6dd3000 	C:\Program Files\BlueJ\jdk\bin\nio.dll
0x0000000180000000 - 0x0000000180003000 	C:\Program Files\BlueJ\lib\javafx\bin\api-ms-win-core-console-l1-1-0.dll
0x0000000002570000 - 0x0000000002573000 	C:\Program Files\BlueJ\lib\javafx\bin\api-ms-win-core-datetime-l1-1-0.dll
0x0000000002580000 - 0x0000000002583000 	C:\Program Files\BlueJ\lib\javafx\bin\api-ms-win-core-debug-l1-1-0.dll
0x0000000002590000 - 0x0000000002593000 	C:\Program Files\BlueJ\lib\javafx\bin\api-ms-win-core-errorhandling-l1-1-0.dll
0x00000000025a0000 - 0x00000000025a4000 	C:\Program Files\BlueJ\lib\javafx\bin\api-ms-win-core-file-l1-1-0.dll
0x00000000025b0000 - 0x00000000025b3000 	C:\Program Files\BlueJ\lib\javafx\bin\api-ms-win-core-file-l1-2-0.dll
0x00000000025c0000 - 0x00000000025c3000 	C:\Program Files\BlueJ\lib\javafx\bin\api-ms-win-core-file-l2-1-0.dll
0x0000000022630000 - 0x0000000022633000 	C:\Program Files\BlueJ\lib\javafx\bin\api-ms-win-core-handle-l1-1-0.dll
0x0000000022640000 - 0x0000000022643000 	C:\Program Files\BlueJ\lib\javafx\bin\api-ms-win-core-heap-l1-1-0.dll
0x0000000022650000 - 0x0000000022653000 	C:\Program Files\BlueJ\lib\javafx\bin\api-ms-win-core-interlocked-l1-1-0.dll
0x0000000022660000 - 0x0000000022663000 	C:\Program Files\BlueJ\lib\javafx\bin\api-ms-win-core-libraryloader-l1-1-0.dll
0x0000000022670000 - 0x0000000022673000 	C:\Program Files\BlueJ\lib\javafx\bin\api-ms-win-core-localization-l1-2-0.dll
0x0000000022680000 - 0x0000000022683000 	C:\Program Files\BlueJ\lib\javafx\bin\api-ms-win-core-memory-l1-1-0.dll
0x0000000022690000 - 0x0000000022693000 	C:\Program Files\BlueJ\lib\javafx\bin\api-ms-win-core-namedpipe-l1-1-0.dll
0x00000000226a0000 - 0x00000000226a3000 	C:\Program Files\BlueJ\lib\javafx\bin\api-ms-win-core-processenvironment-l1-1-0.dll
0x00000000226b0000 - 0x00000000226b3000 	C:\Program Files\BlueJ\lib\javafx\bin\api-ms-win-core-processthreads-l1-1-0.dll
0x00000000226c0000 - 0x00000000226c3000 	C:\Program Files\BlueJ\lib\javafx\bin\api-ms-win-core-processthreads-l1-1-1.dll
0x00000000226d0000 - 0x00000000226d3000 	C:\Program Files\BlueJ\lib\javafx\bin\api-ms-win-core-profile-l1-1-0.dll
0x00000000226e0000 - 0x00000000226e3000 	C:\Program Files\BlueJ\lib\javafx\bin\api-ms-win-core-rtlsupport-l1-1-0.dll
0x00000000226f0000 - 0x00000000226f3000 	C:\Program Files\BlueJ\lib\javafx\bin\api-ms-win-core-string-l1-1-0.dll
0x0000000022700000 - 0x0000000022703000 	C:\Program Files\BlueJ\lib\javafx\bin\api-ms-win-core-synch-l1-1-0.dll
0x0000000022710000 - 0x0000000022713000 	C:\Program Files\BlueJ\lib\javafx\bin\api-ms-win-core-synch-l1-2-0.dll
0x0000000022720000 - 0x0000000022723000 	C:\Program Files\BlueJ\lib\javafx\bin\api-ms-win-core-sysinfo-l1-1-0.dll
0x0000000022730000 - 0x0000000022733000 	C:\Program Files\BlueJ\lib\javafx\bin\api-ms-win-core-timezone-l1-1-0.dll
0x0000000022740000 - 0x0000000022743000 	C:\Program Files\BlueJ\lib\javafx\bin\api-ms-win-core-util-l1-1-0.dll
0x0000000022750000 - 0x0000000022753000 	C:\Program Files\BlueJ\lib\javafx\bin\api-ms-win-crt-conio-l1-1-0.dll
0x0000000022760000 - 0x0000000022764000 	C:\Program Files\BlueJ\lib\javafx\bin\api-ms-win-crt-convert-l1-1-0.dll
0x0000000022770000 - 0x0000000022773000 	C:\Program Files\BlueJ\lib\javafx\bin\api-ms-win-crt-environment-l1-1-0.dll
0x0000000022780000 - 0x0000000022783000 	C:\Program Files\BlueJ\lib\javafx\bin\api-ms-win-crt-filesystem-l1-1-0.dll
0x0000000022790000 - 0x0000000022793000 	C:\Program Files\BlueJ\lib\javafx\bin\api-ms-win-crt-heap-l1-1-0.dll
0x00000000227a0000 - 0x00000000227a3000 	C:\Program Files\BlueJ\lib\javafx\bin\api-ms-win-crt-locale-l1-1-0.dll
0x00000000227b0000 - 0x00000000227b5000 	C:\Program Files\BlueJ\lib\javafx\bin\api-ms-win-crt-math-l1-1-0.dll
0x00000000227c0000 - 0x00000000227c5000 	C:\Program Files\BlueJ\lib\javafx\bin\api-ms-win-crt-multibyte-l1-1-0.dll
0x00000000227d0000 - 0x00000000227e0000 	C:\Program Files\BlueJ\lib\javafx\bin\api-ms-win-crt-private-l1-1-0.dll
0x00000000227e0000 - 0x00000000227e3000 	C:\Program Files\BlueJ\lib\javafx\bin\api-ms-win-crt-process-l1-1-0.dll
0x00000000227f0000 - 0x00000000227f4000 	C:\Program Files\BlueJ\lib\javafx\bin\api-ms-win-crt-runtime-l1-1-0.dll
0x0000000022800000 - 0x0000000022804000 	C:\Program Files\BlueJ\lib\javafx\bin\api-ms-win-crt-stdio-l1-1-0.dll
0x0000000022810000 - 0x0000000022814000 	C:\Program Files\BlueJ\lib\javafx\bin\api-ms-win-crt-string-l1-1-0.dll
0x0000000022820000 - 0x0000000022823000 	C:\Program Files\BlueJ\lib\javafx\bin\api-ms-win-crt-time-l1-1-0.dll
0x0000000022830000 - 0x0000000022833000 	C:\Program Files\BlueJ\lib\javafx\bin\api-ms-win-crt-utility-l1-1-0.dll
0x00007ff9a6bb0000 - 0x00007ff9a6caa000 	C:\Program Files\BlueJ\lib\javafx\bin\ucrtbase.dll
0x00007ff9a6b90000 - 0x00007ff9a6ba6000 	C:\Program Files\BlueJ\lib\javafx\bin\vcruntime140.dll
0x00007ff99d690000 - 0x00007ff99d736000 	C:\Program Files\BlueJ\lib\javafx\bin\msvcp140.dll
0x00007ff9a6b30000 - 0x00007ff9a6b81000 	C:\Program Files\BlueJ\lib\javafx\bin\concrt140.dll
0x00007ff9a3bd0000 - 0x00007ff9a3bf3000 	C:\Program Files\BlueJ\lib\javafx\bin\prism_d3d.dll
0x00007ff9c21c0000 - 0x00007ff9c23d0000 	C:\Windows\system32\d3d9.dll
0x00007ff9ca510000 - 0x00007ff9ca532000 	C:\Windows\SYSTEM32\dwmapi.dll
0x00007ff9cb320000 - 0x00007ff9cb3b6000 	C:\Windows\system32\uxtheme.dll
0x00007ff998720000 - 0x00007ff99ac5d000 	C:\Windows\SYSTEM32\igdumdim64.dll
0x00007ff9d0150000 - 0x00007ff9d0216000 	C:\Windows\system32\OLEAUT32.dll
0x00007ff9cfe10000 - 0x00007ff9cff53000 	C:\Windows\system32\ole32.dll
0x00007ff9cd7a0000 - 0x00007ff9cdbc9000 	C:\Windows\system32\SETUPAPI.dll
0x00007ff9a3210000 - 0x00007ff9a3255000 	C:\Program Files\BlueJ\lib\javafx\bin\glass.dll
0x00007ff9cff60000 - 0x00007ff9d006b000 	C:\Windows\system32\COMDLG32.dll
0x00007ff9cd070000 - 0x00007ff9cd0f6000 	C:\Windows\system32\FirewallAPI.dll
0x00007ff9cd050000 - 0x00007ff9cd067000 	C:\Windows\system32\NETAPI32.dll
0x00007ff9c6f70000 - 0x00007ff9c701a000 	C:\Windows\WinSxS\amd64_microsoft.windows.common-controls_6595b64144ccf1df_5.82.10586.0_none_396e892957c7fb25\COMCTL32.dll
0x00007ff9ca340000 - 0x00007ff9ca34c000 	C:\Windows\SYSTEM32\DAVHLPR.DLL
0x00007ff9cb740000 - 0x00007ff9cb772000 	C:\Windows\SYSTEM32\fwbase.dll
0x00007ff9cf980000 - 0x00007ff9cfada000 	C:\Windows\system32\MSCTF.dll
0x00007ff9c1070000 - 0x00007ff9c1aaf000 	C:\Windows\SYSTEM32\igdusc64.dll
0x00007ff99cc80000 - 0x00007ff99ce1e000 	C:\Program Files\BlueJ\jdk\bin\awt.dll
0x00007ff9bab20000 - 0x00007ff9bb065000 	C:\Windows\SYSTEM32\d2d1.dll
0x00007ff9cb1a0000 - 0x00007ff9cb219000 	C:\Windows\system32\apphelp.dll

dbghelp: loaded successfully - version: 4.0.5 - missing functions: none
symbol engine: initialized successfully
[error occurred during error reporting (printing native decoder state), id 0xc0000005, EXCEPTION_ACCESS_VIOLATION (0xc0000005) at pc=0x00007ff9a55276b0]

VM Arguments:
jvm_args: -Djavafx.embed.singleThread=true 
java_command: <unknown>
java_class_path (initial): C:\Program Files\BlueJ\lib\bluej.jar;C:\Program Files\BlueJ\lib\javafx\lib\javafx.base.jar;C:\Program Files\BlueJ\lib\javafx\lib\javafx.controls.jar;C:\Program Files\BlueJ\lib\javafx\lib\javafx.fxml.jar;C:\Program Files\BlueJ\lib\javafx\lib\javafx.graphics.jar;C:\Program Files\BlueJ\lib\javafx\lib\javafx.media.jar;C:\Program Files\BlueJ\lib\javafx\lib\javafx.properties.jar;C:\Program Files\BlueJ\lib\javafx\lib\javafx.swing.jar;C:\Program Files\BlueJ\lib\javafx\lib\javafx.web.jar
Launcher Type: generic

[Global flags]
     intx CICompilerCount                          = 3                                         {product} {ergonomic}
     uint ConcGCThreads                            = 1                                         {product} {ergonomic}
     uint G1ConcRefinementThreads                  = 4                                         {product} {ergonomic}
   size_t G1HeapRegionSize                         = 1048576                                   {product} {ergonomic}
    uintx GCDrainStackTargetSize                   = 64                                        {product} {ergonomic}
   size_t InitialHeapSize                          = 67108864                                  {product} {ergonomic}
   size_t MarkStackSize                            = 4194304                                   {product} {ergonomic}
   size_t MaxHeapSize                              = 1050673152                                {product} {ergonomic}
   size_t MaxNewSize                               = 630194176                                 {product} {ergonomic}
   size_t MinHeapDeltaBytes                        = 1048576                                   {product} {ergonomic}
    uintx NonNMethodCodeHeapSize                   = 5830092                                {pd product} {ergonomic}
    uintx NonProfiledCodeHeapSize                  = 122914074                              {pd product} {ergonomic}
    uintx ProfiledCodeHeapSize                     = 122914074                              {pd product} {ergonomic}
    uintx ReservedCodeCacheSize                    = 251658240                              {pd product} {ergonomic}
     bool SegmentedCodeCache                       = true                                      {product} {ergonomic}
     bool UseCompressedClassPointers               = true                                 {lp64_product} {ergonomic}
     bool UseCompressedOops                        = true                                 {lp64_product} {ergonomic}
     bool UseG1GC                                  = true                                      {product} {ergonomic}
     bool UseLargePagesIndividualAllocation        = false                                  {pd product} {ergonomic}

Logging:
Log output configuration:
 #0: stdout all=warning uptime,level,tags
 #1: stderr all=off uptime,level,tags

Environment Variables:
PATH=C:\Program Files (x86)\Common Files\Oracle\Java\javapath;C:\ProgramData\Oracle\Java\javapath;C:\Program Files (x86)\Intel\iCLS Client\;C:\Program Files\Intel\iCLS Client\;C:\Windows\system32;C:\Windows;C:\Windows\System32\Wbem;C:\Windows\System32\WindowsPowerShell\v1.0\;C:\Program Files (x86)\Intel\Intel(R) Management Engine Components\DAL;C:\Program Files\Intel\Intel(R) Management Engine Components\DAL;C:\Program Files (x86)\Intel\Intel(R) Management Engine Components\IPT;C:\Program Files\Intel\Intel(R) Management Engine Components\IPT;C:\Program Files (x86)\NVIDIA Corporation\PhysX\Common;C:\Program Files\Intel\WiFi\bin\;C:\Program Files\Common Files\Intel\WirelessCommon\
USERNAME=DELL
OS=Windows_NT
PROCESSOR_IDENTIFIER=Intel64 Family 6 Model 61 Stepping 4, GenuineIntel



---------------  S Y S T E M  ---------------

OS: Windows 10 , 64 bit Build 10586 (10.0.10586.589)

CPU:total 4 (initial active 4) (2 cores per cpu, 2 threads per core) family 6 model 61 stepping 4, cmov, cx8, fxsr, mmx, sse, sse2, sse3, ssse3, sse4.1, sse4.2, popcnt, avx, avx2, aes, clmul, erms, 3dnowpref, lzcnt, ht, tsc, tscinvbit, bmi1, bmi2, adx, fma

Memory: 4k page, system-wide physical 4005M (1382M free)
TotalPageFile size 5733M (AvailPageFile size 2259M)
current process WorkingSet (physical memory assigned to process): 76M, peak: 78M
current process commit charge ("private bytes"): 171M, peak: 173M

vm_info: OpenJDK 64-Bit Server VM (11.0.2+9) for windows-amd64 JRE (11.0.2+9), built on Jan 18 2019 05:23:22 by "mach5one" with MS VC++ 15.5 (VS2017)

END.
